  TagView.cpp
c:\users\spring\documents\sourcetree\tspring\tspring\TagView.h(61): warning C4267: 'return': 'size_t'에서 'int'(으)로 변환하면서 데이터가 손실될 수 있습니다.
c:\users\spring\documents\sourcetree\tspring\tspring\TagView.h(68): warning C4244: '=': 'LONG'에서 'float'(으)로 변환하면서 데이터가 손실될 수 있습니다.
c:\users\spring\documents\sourcetree\tspring\tspring\TagView.h(69): warning C4244: '=': 'LONG'에서 'float'(으)로 변환하면서 데이터가 손실될 수 있습니다.
c:\users\spring\documents\sourcetree\tspring\tspring\TagView.h(108): warning C4244: '=': 'LONG'에서 'float'(으)로 변환하면서 데이터가 손실될 수 있습니다.
c:\users\spring\documents\sourcetree\tspring\tspring\TagView.h(109): warning C4244: '=': 'LONG'에서 'float'(으)로 변환하면서 데이터가 손실될 수 있습니다.
c:\users\spring\documents\sourcetree\tspring\tspring\TagView.h(110): warning C4244: '=': 'LONG'에서 'float'(으)로 변환하면서 데이터가 손실될 수 있습니다.
c:\users\spring\documents\sourcetree\tspring\tspring\TagView.h(111): warning C4244: '=': 'LONG'에서 'float'(으)로 변환하면서 데이터가 손실될 수 있습니다.
c:\users\spring\documents\sourcetree\tspring\tspring\TagView.h(128): warning C4244: '=': 'int'에서 'float'(으)로 변환하면서 데이터가 손실될 수 있습니다.
c:\users\spring\documents\sourcetree\tspring\tspring\TagView.h(159): warning C4244: '인수': 'float'에서 'int'(으)로 변환하면서 데이터가 손실될 수 있습니다.
TagView.cpp(73): warning C4244: '초기화 중': 'double'에서 'int'(으)로 변환하면서 데이터가 손실될 수 있습니다.
TagView.cpp(77): warning C4244: '=': 'double'에서 'int'(으)로 변환하면서 데이터가 손실될 수 있습니다.
TagView.cpp(207): warning C4244: '=': 'LONG'에서 'float'(으)로 변환하면서 데이터가 손실될 수 있습니다.
TagView.cpp(208): warning C4244: '=': 'LONG'에서 'float'(으)로 변환하면서 데이터가 손실될 수 있습니다.
TagView.cpp(242): warning C4244: '인수': 'float'에서 'int'(으)로 변환하면서 데이터가 손실될 수 있습니다.
TagView.cpp(244): warning C4244: '인수': 'float'에서 'int'(으)로 변환하면서 데이터가 손실될 수 있습니다.
TagView.cpp(249): warning C4244: '=': 'float'에서 'LONG'(으)로 변환하면서 데이터가 손실될 수 있습니다.
TagView.cpp(250): warning C4244: '=': 'float'에서 'LONG'(으)로 변환하면서 데이터가 손실될 수 있습니다.
TagView.cpp(284): warning C4244: '인수': 'float'에서 'int'(으)로 변환하면서 데이터가 손실될 수 있습니다.
TagView.cpp(286): warning C4244: '인수': 'float'에서 'int'(으)로 변환하면서 데이터가 손실될 수 있습니다.
TagView.cpp(391): warning C4244: '=': 'LONG'에서 'float'(으)로 변환하면서 데이터가 손실될 수 있습니다.
TagView.cpp(392): warning C4244: '=': 'LONG'에서 'float'(으)로 변환하면서 데이터가 손실될 수 있습니다.
TagView.cpp(459): warning C4244: '인수': 'float'에서 'int'(으)로 변환하면서 데이터가 손실될 수 있습니다.
TagView.cpp(479): warning C4244: '=': 'LONG'에서 'float'(으)로 변환하면서 데이터가 손실될 수 있습니다.
TagView.cpp(480): warning C4244: '=': 'LONG'에서 'float'(으)로 변환하면서 데이터가 손실될 수 있습니다.
TagView.cpp(508): warning C4244: '=': 'float'에서 'LONG'(으)로 변환하면서 데이터가 손실될 수 있습니다.
TagView.cpp(509): warning C4244: '=': 'float'에서 'LONG'(으)로 변환하면서 데이터가 손실될 수 있습니다.
TagView.cpp(510): warning C4244: '=': 'float'에서 'LONG'(으)로 변환하면서 데이터가 손실될 수 있습니다.
TagView.cpp(511): warning C4244: '=': 'float'에서 'LONG'(으)로 변환하면서 데이터가 손실될 수 있습니다.
TagView.cpp(523): warning C4244: '인수': 'float'에서 'int'(으)로 변환하면서 데이터가 손실될 수 있습니다.
TagView.cpp(524): warning C4244: '인수': 'float'에서 'int'(으)로 변환하면서 데이터가 손실될 수 있습니다.
TagView.cpp(527): warning C4244: '인수': 'float'에서 'int'(으)로 변환하면서 데이터가 손실될 수 있습니다.
TagView.cpp(615): warning C4267: '=': 'size_t'에서 'int'(으)로 변환하면서 데이터가 손실될 수 있습니다.
TagView.cpp(623): warning C4267: '=': 'size_t'에서 'int'(으)로 변환하면서 데이터가 손실될 수 있습니다.
  코드를 생성하고 있습니다.
  108 of 3027 functions ( 3.6%) were compiled, the rest were copied from previous compilation.
    0 functions were new in current compilation
    13 functions had inline decision re-evaluated but remain unchanged
  코드를 생성했습니다.
IlmImf.lib(half.obj) : warning LNK4099: 'IlmImf.pdb' PDB를 'IlmImf.lib(half.obj)' 또는 'C:\Users\spring\Documents\SourceTree\TSpring\x64\Release\IlmImf.pdb'에서 찾을 수 없습니다. 디버그 정보가 없는 것처럼 개체를 링크합니다.
IlmImf.lib(IexBaseExc.obj) : warning LNK4099: 'IlmImf.pdb' PDB를 'IlmImf.lib(IexBaseExc.obj)' 또는 'C:\Users\spring\Documents\SourceTree\TSpring\x64\Release\IlmImf.pdb'에서 찾을 수 없습니다. 디버그 정보가 없는 것처럼 개체를 링크합니다.
IlmImf.lib(IexThrowErrnoExc.obj) : warning LNK4099: 'IlmImf.pdb' PDB를 'IlmImf.lib(IexThrowErrnoExc.obj)' 또는 'C:\Users\spring\Documents\SourceTree\TSpring\x64\Release\IlmImf.pdb'에서 찾을 수 없습니다. 디버그 정보가 없는 것처럼 개체를 링크합니다.
IlmImf.lib(IlmThreadMutexWin32.obj) : warning LNK4099: 'IlmImf.pdb' PDB를 'IlmImf.lib(IlmThreadMutexWin32.obj)' 또는 'C:\Users\spring\Documents\SourceTree\TSpring\x64\Release\IlmImf.pdb'에서 찾을 수 없습니다. 디버그 정보가 없는 것처럼 개체를 링크합니다.
IlmImf.lib(IlmThreadPool.obj) : warning LNK4099: 'IlmImf.pdb' PDB를 'IlmImf.lib(IlmThreadPool.obj)' 또는 'C:\Users\spring\Documents\SourceTree\TSpring\x64\Release\IlmImf.pdb'에서 찾을 수 없습니다. 디버그 정보가 없는 것처럼 개체를 링크합니다.
IlmImf.lib(IlmThreadSemaphoreWin32.obj) : warning LNK4099: 'IlmImf.pdb' PDB를 'IlmImf.lib(IlmThreadSemaphoreWin32.obj)' 또는 'C:\Users\spring\Documents\SourceTree\TSpring\x64\Release\IlmImf.pdb'에서 찾을 수 없습니다. 디버그 정보가 없는 것처럼 개체를 링크합니다.
IlmImf.lib(IlmThreadWin32.obj) : warning LNK4099: 'IlmImf.pdb' PDB를 'IlmImf.lib(IlmThreadWin32.obj)' 또는 'C:\Users\spring\Documents\SourceTree\TSpring\x64\Release\IlmImf.pdb'에서 찾을 수 없습니다. 디버그 정보가 없는 것처럼 개체를 링크합니다.
IlmImf.lib(ImfAttribute.obj) : warning LNK4099: 'IlmImf.pdb' PDB를 'IlmImf.lib(ImfAttribute.obj)' 또는 'C:\Users\spring\Documents\SourceTree\TSpring\x64\Release\IlmImf.pdb'에서 찾을 수 없습니다. 디버그 정보가 없는 것처럼 개체를 링크합니다.
IlmImf.lib(ImfB44Compressor.obj) : warning LNK4099: 'IlmImf.pdb' PDB를 'IlmImf.lib(ImfB44Compressor.obj)' 또는 'C:\Users\spring\Documents\SourceTree\TSpring\x64\Release\IlmImf.pdb'에서 찾을 수 없습니다. 디버그 정보가 없는 것처럼 개체를 링크합니다.
IlmImf.lib(ImfBoxAttribute.obj) : warning LNK4099: 'IlmImf.pdb' PDB를 'IlmImf.lib(ImfBoxAttribute.obj)' 또는 'C:\Users\spring\Documents\SourceTree\TSpring\x64\Release\IlmImf.pdb'에서 찾을 수 없습니다. 디버그 정보가 없는 것처럼 개체를 링크합니다.
IlmImf.lib(ImfChannelList.obj) : warning LNK4099: 'IlmImf.pdb' PDB를 'IlmImf.lib(ImfChannelList.obj)' 또는 'C:\Users\spring\Documents\SourceTree\TSpring\x64\Release\IlmImf.pdb'에서 찾을 수 없습니다. 디버그 정보가 없는 것처럼 개체를 링크합니다.
IlmImf.lib(ImfChannelListAttribute.obj) : warning LNK4099: 'IlmImf.pdb' PDB를 'IlmImf.lib(ImfChannelListAttribute.obj)' 또는 'C:\Users\spring\Documents\SourceTree\TSpring\x64\Release\IlmImf.pdb'에서 찾을 수 없습니다. 디버그 정보가 없는 것처럼 개체를 링크합니다.
IlmImf.lib(ImfChromaticities.obj) : warning LNK4099: 'IlmImf.pdb' PDB를 'IlmImf.lib(ImfChromaticities.obj)' 또는 'C:\Users\spring\Documents\SourceTree\TSpring\x64\Release\IlmImf.pdb'에서 찾을 수 없습니다. 디버그 정보가 없는 것처럼 개체를 링크합니다.
IlmImf.lib(ImfChromaticitiesAttribute.obj) : warning LNK4099: 'IlmImf.pdb' PDB를 'IlmImf.lib(ImfChromaticitiesAttribute.obj)' 또는 'C:\Users\spring\Documents\SourceTree\TSpring\x64\Release\IlmImf.pdb'에서 찾을 수 없습니다. 디버그 정보가 없는 것처럼 개체를 링크합니다.
IlmImf.lib(ImfCompressionAttribute.obj) : warning LNK4099: 'IlmImf.pdb' PDB를 'IlmImf.lib(ImfCompressionAttribute.obj)' 또는 'C:\Users\spring\Documents\SourceTree\TSpring\x64\Release\IlmImf.pdb'에서 찾을 수 없습니다. 디버그 정보가 없는 것처럼 개체를 링크합니다.
IlmImf.lib(ImfCompressor.obj) : warning LNK4099: 'IlmImf.pdb' PDB를 'IlmImf.lib(ImfCompressor.obj)' 또는 'C:\Users\spring\Documents\SourceTree\TSpring\x64\Release\IlmImf.pdb'에서 찾을 수 없습니다. 디버그 정보가 없는 것처럼 개체를 링크합니다.
IlmImf.lib(ImfConvert.obj) : warning LNK4099: 'IlmImf.pdb' PDB를 'IlmImf.lib(ImfConvert.obj)' 또는 'C:\Users\spring\Documents\SourceTree\TSpring\x64\Release\IlmImf.pdb'에서 찾을 수 없습니다. 디버그 정보가 없는 것처럼 개체를 링크합니다.
IlmImf.lib(ImfDoubleAttribute.obj) : warning LNK4099: 'IlmImf.pdb' PDB를 'IlmImf.lib(ImfDoubleAttribute.obj)' 또는 'C:\Users\spring\Documents\SourceTree\TSpring\x64\Release\IlmImf.pdb'에서 찾을 수 없습니다. 디버그 정보가 없는 것처럼 개체를 링크합니다.
IlmImf.lib(ImfEnvmapAttribute.obj) : warning LNK4099: 'IlmImf.pdb' PDB를 'IlmImf.lib(ImfEnvmapAttribute.obj)' 또는 'C:\Users\spring\Documents\SourceTree\TSpring\x64\Release\IlmImf.pdb'에서 찾을 수 없습니다. 디버그 정보가 없는 것처럼 개체를 링크합니다.
IlmImf.lib(ImfFloatAttribute.obj) : warning LNK4099: 'IlmImf.pdb' PDB를 'IlmImf.lib(ImfFloatAttribute.obj)' 또는 'C:\Users\spring\Documents\SourceTree\TSpring\x64\Release\IlmImf.pdb'에서 찾을 수 없습니다. 디버그 정보가 없는 것처럼 개체를 링크합니다.
IlmImf.lib(ImfFrameBuffer.obj) : warning LNK4099: 'IlmImf.pdb' PDB를 'IlmImf.lib(ImfFrameBuffer.obj)' 또는 'C:\Users\spring\Documents\SourceTree\TSpring\x64\Release\IlmImf.pdb'에서 찾을 수 없습니다. 디버그 정보가 없는 것처럼 개체를 링크합니다.
IlmImf.lib(ImfHeader.obj) : warning LNK4099: 'IlmImf.pdb' PDB를 'IlmImf.lib(ImfHeader.obj)' 또는 'C:\Users\spring\Documents\SourceTree\TSpring\x64\Release\IlmImf.pdb'에서 찾을 수 없습니다. 디버그 정보가 없는 것처럼 개체를 링크합니다.
IlmImf.lib(ImfHuf.obj) : warning LNK4099: 'IlmImf.pdb' PDB를 'IlmImf.lib(ImfHuf.obj)' 또는 'C:\Users\spring\Documents\SourceTree\TSpring\x64\Release\IlmImf.pdb'에서 찾을 수 없습니다. 디버그 정보가 없는 것처럼 개체를 링크합니다.
IlmImf.lib(ImfIO.obj) : warning LNK4099: 'IlmImf.pdb' PDB를 'IlmImf.lib(ImfIO.obj)' 또는 'C:\Users\spring\Documents\SourceTree\TSpring\x64\Release\IlmImf.pdb'에서 찾을 수 없습니다. 디버그 정보가 없는 것처럼 개체를 링크합니다.
IlmImf.lib(ImfInputFile.obj) : warning LNK4099: 'IlmImf.pdb' PDB를 'IlmImf.lib(ImfInputFile.obj)' 또는 'C:\Users\spring\Documents\SourceTree\TSpring\x64\Release\IlmImf.pdb'에서 찾을 수 없습니다. 디버그 정보가 없는 것처럼 개체를 링크합니다.
IlmImf.lib(ImfIntAttribute.obj) : warning LNK4099: 'IlmImf.pdb' PDB를 'IlmImf.lib(ImfIntAttribute.obj)' 또는 'C:\Users\spring\Documents\SourceTree\TSpring\x64\Release\IlmImf.pdb'에서 찾을 수 없습니다. 디버그 정보가 없는 것처럼 개체를 링크합니다.
IlmImf.lib(ImfKeyCode.obj) : warning LNK4099: 'IlmImf.pdb' PDB를 'IlmImf.lib(ImfKeyCode.obj)' 또는 'C:\Users\spring\Documents\SourceTree\TSpring\x64\Release\IlmImf.pdb'에서 찾을 수 없습니다. 디버그 정보가 없는 것처럼 개체를 링크합니다.
IlmImf.lib(ImfKeyCodeAttribute.obj) : warning LNK4099: 'IlmImf.pdb' PDB를 'IlmImf.lib(ImfKeyCodeAttribute.obj)' 또는 'C:\Users\spring\Documents\SourceTree\TSpring\x64\Release\IlmImf.pdb'에서 찾을 수 없습니다. 디버그 정보가 없는 것처럼 개체를 링크합니다.
IlmImf.lib(ImfLineOrderAttribute.obj) : warning LNK4099: 'IlmImf.pdb' PDB를 'IlmImf.lib(ImfLineOrderAttribute.obj)' 또는 'C:\Users\spring\Documents\SourceTree\TSpring\x64\Release\IlmImf.pdb'에서 찾을 수 없습니다. 디버그 정보가 없는 것처럼 개체를 링크합니다.
IlmImf.lib(ImfMatrixAttribute.obj) : warning LNK4099: 'IlmImf.pdb' PDB를 'IlmImf.lib(ImfMatrixAttribute.obj)' 또는 'C:\Users\spring\Documents\SourceTree\TSpring\x64\Release\IlmImf.pdb'에서 찾을 수 없습니다. 디버그 정보가 없는 것처럼 개체를 링크합니다.
IlmImf.lib(ImfMisc.obj) : warning LNK4099: 'IlmImf.pdb' PDB를 'IlmImf.lib(ImfMisc.obj)' 또는 'C:\Users\spring\Documents\SourceTree\TSpring\x64\Release\IlmImf.pdb'에서 찾을 수 없습니다. 디버그 정보가 없는 것처럼 개체를 링크합니다.
IlmImf.lib(ImfOpaqueAttribute.obj) : warning LNK4099: 'IlmImf.pdb' PDB를 'IlmImf.lib(ImfOpaqueAttribute.obj)' 또는 'C:\Users\spring\Documents\SourceTree\TSpring\x64\Release\IlmImf.pdb'에서 찾을 수 없습니다. 디버그 정보가 없는 것처럼 개체를 링크합니다.
IlmImf.lib(ImfOutputFile.obj) : warning LNK4099: 'IlmImf.pdb' PDB를 'IlmImf.lib(ImfOutputFile.obj)' 또는 'C:\Users\spring\Documents\SourceTree\TSpring\x64\Release\IlmImf.pdb'에서 찾을 수 없습니다. 디버그 정보가 없는 것처럼 개체를 링크합니다.
IlmImf.lib(ImfPizCompressor.obj) : warning LNK4099: 'IlmImf.pdb' PDB를 'IlmImf.lib(ImfPizCompressor.obj)' 또는 'C:\Users\spring\Documents\SourceTree\TSpring\x64\Release\IlmImf.pdb'에서 찾을 수 없습니다. 디버그 정보가 없는 것처럼 개체를 링크합니다.
IlmImf.lib(ImfPreviewImage.obj) : warning LNK4099: 'IlmImf.pdb' PDB를 'IlmImf.lib(ImfPreviewImage.obj)' 또는 'C:\Users\spring\Documents\SourceTree\TSpring\x64\Release\IlmImf.pdb'에서 찾을 수 없습니다. 디버그 정보가 없는 것처럼 개체를 링크합니다.
IlmImf.lib(ImfPreviewImageAttribute.obj) : warning LNK4099: 'IlmImf.pdb' PDB를 'IlmImf.lib(ImfPreviewImageAttribute.obj)' 또는 'C:\Users\spring\Documents\SourceTree\TSpring\x64\Release\IlmImf.pdb'에서 찾을 수 없습니다. 디버그 정보가 없는 것처럼 개체를 링크합니다.
IlmImf.lib(ImfPxr24Compressor.obj) : warning LNK4099: 'IlmImf.pdb' PDB를 'IlmImf.lib(ImfPxr24Compressor.obj)' 또는 'C:\Users\spring\Documents\SourceTree\TSpring\x64\Release\IlmImf.pdb'에서 찾을 수 없습니다. 디버그 정보가 없는 것처럼 개체를 링크합니다.
IlmImf.lib(ImfRationalAttribute.obj) : warning LNK4099: 'IlmImf.pdb' PDB를 'IlmImf.lib(ImfRationalAttribute.obj)' 또는 'C:\Users\spring\Documents\SourceTree\TSpring\x64\Release\IlmImf.pdb'에서 찾을 수 없습니다. 디버그 정보가 없는 것처럼 개체를 링크합니다.
IlmImf.lib(ImfRleCompressor.obj) : warning LNK4099: 'IlmImf.pdb' PDB를 'IlmImf.lib(ImfRleCompressor.obj)' 또는 'C:\Users\spring\Documents\SourceTree\TSpring\x64\Release\IlmImf.pdb'에서 찾을 수 없습니다. 디버그 정보가 없는 것처럼 개체를 링크합니다.
IlmImf.lib(ImfScanLineInputFile.obj) : warning LNK4099: 'IlmImf.pdb' PDB를 'IlmImf.lib(ImfScanLineInputFile.obj)' 또는 'C:\Users\spring\Documents\SourceTree\TSpring\x64\Release\IlmImf.pdb'에서 찾을 수 없습니다. 디버그 정보가 없는 것처럼 개체를 링크합니다.
IlmImf.lib(ImfStandardAttributes.obj) : warning LNK4099: 'IlmImf.pdb' PDB를 'IlmImf.lib(ImfStandardAttributes.obj)' 또는 'C:\Users\spring\Documents\SourceTree\TSpring\x64\Release\IlmImf.pdb'에서 찾을 수 없습니다. 디버그 정보가 없는 것처럼 개체를 링크합니다.
IlmImf.lib(ImfStdIO.obj) : warning LNK4099: 'IlmImf.pdb' PDB를 'IlmImf.lib(ImfStdIO.obj)' 또는 'C:\Users\spring\Documents\SourceTree\TSpring\x64\Release\IlmImf.pdb'에서 찾을 수 없습니다. 디버그 정보가 없는 것처럼 개체를 링크합니다.
IlmImf.lib(ImfStringAttribute.obj) : warning LNK4099: 'IlmImf.pdb' PDB를 'IlmImf.lib(ImfStringAttribute.obj)' 또는 'C:\Users\spring\Documents\SourceTree\TSpring\x64\Release\IlmImf.pdb'에서 찾을 수 없습니다. 디버그 정보가 없는 것처럼 개체를 링크합니다.
IlmImf.lib(ImfStringVectorAttribute.obj) : warning LNK4099: 'IlmImf.pdb' PDB를 'IlmImf.lib(ImfStringVectorAttribute.obj)' 또는 'C:\Users\spring\Documents\SourceTree\TSpring\x64\Release\IlmImf.pdb'에서 찾을 수 없습니다. 디버그 정보가 없는 것처럼 개체를 링크합니다.
IlmImf.lib(ImfThreading.obj) : warning LNK4099: 'IlmImf.pdb' PDB를 'IlmImf.lib(ImfThreading.obj)' 또는 'C:\Users\spring\Documents\SourceTree\TSpring\x64\Release\IlmImf.pdb'에서 찾을 수 없습니다. 디버그 정보가 없는 것처럼 개체를 링크합니다.
IlmImf.lib(ImfTileDescriptionAttribute.obj) : warning LNK4099: 'IlmImf.pdb' PDB를 'IlmImf.lib(ImfTileDescriptionAttribute.obj)' 또는 'C:\Users\spring\Documents\SourceTree\TSpring\x64\Release\IlmImf.pdb'에서 찾을 수 없습니다. 디버그 정보가 없는 것처럼 개체를 링크합니다.
IlmImf.lib(ImfTileOffsets.obj) : warning LNK4099: 'IlmImf.pdb' PDB를 'IlmImf.lib(ImfTileOffsets.obj)' 또는 'C:\Users\spring\Documents\SourceTree\TSpring\x64\Release\IlmImf.pdb'에서 찾을 수 없습니다. 디버그 정보가 없는 것처럼 개체를 링크합니다.
IlmImf.lib(ImfTiledInputFile.obj) : warning LNK4099: 'IlmImf.pdb' PDB를 'IlmImf.lib(ImfTiledInputFile.obj)' 또는 'C:\Users\spring\Documents\SourceTree\TSpring\x64\Release\IlmImf.pdb'에서 찾을 수 없습니다. 디버그 정보가 없는 것처럼 개체를 링크합니다.
IlmImf.lib(ImfTiledMisc.obj) : warning LNK4099: 'IlmImf.pdb' PDB를 'IlmImf.lib(ImfTiledMisc.obj)' 또는 'C:\Users\spring\Documents\SourceTree\TSpring\x64\Release\IlmImf.pdb'에서 찾을 수 없습니다. 디버그 정보가 없는 것처럼 개체를 링크합니다.
IlmImf.lib(ImfTimeCode.obj) : warning LNK4099: 'IlmImf.pdb' PDB를 'IlmImf.lib(ImfTimeCode.obj)' 또는 'C:\Users\spring\Documents\SourceTree\TSpring\x64\Release\IlmImf.pdb'에서 찾을 수 없습니다. 디버그 정보가 없는 것처럼 개체를 링크합니다.
IlmImf.lib(ImfTimeCodeAttribute.obj) : warning LNK4099: 'IlmImf.pdb' PDB를 'IlmImf.lib(ImfTimeCodeAttribute.obj)' 또는 'C:\Users\spring\Documents\SourceTree\TSpring\x64\Release\IlmImf.pdb'에서 찾을 수 없습니다. 디버그 정보가 없는 것처럼 개체를 링크합니다.
IlmImf.lib(ImfVecAttribute.obj) : warning LNK4099: 'IlmImf.pdb' PDB를 'IlmImf.lib(ImfVecAttribute.obj)' 또는 'C:\Users\spring\Documents\SourceTree\TSpring\x64\Release\IlmImf.pdb'에서 찾을 수 없습니다. 디버그 정보가 없는 것처럼 개체를 링크합니다.
IlmImf.lib(ImfWav.obj) : warning LNK4099: 'IlmImf.pdb' PDB를 'IlmImf.lib(ImfWav.obj)' 또는 'C:\Users\spring\Documents\SourceTree\TSpring\x64\Release\IlmImf.pdb'에서 찾을 수 없습니다. 디버그 정보가 없는 것처럼 개체를 링크합니다.
IlmImf.lib(ImfZipCompressor.obj) : warning LNK4099: 'IlmImf.pdb' PDB를 'IlmImf.lib(ImfZipCompressor.obj)' 또는 'C:\Users\spring\Documents\SourceTree\TSpring\x64\Release\IlmImf.pdb'에서 찾을 수 없습니다. 디버그 정보가 없는 것처럼 개체를 링크합니다.
libjasper.lib(jas_cm.obj) : warning LNK4099: 'libjasper.pdb' PDB를 'libjasper.lib(jas_cm.obj)' 또는 'C:\Users\spring\Documents\SourceTree\TSpring\x64\Release\libjasper.pdb'에서 찾을 수 없습니다. 디버그 정보가 없는 것처럼 개체를 링크합니다.
libjasper.lib(jas_debug.obj) : warning LNK4099: 'libjasper.pdb' PDB를 'libjasper.lib(jas_debug.obj)' 또는 'C:\Users\spring\Documents\SourceTree\TSpring\x64\Release\libjasper.pdb'에서 찾을 수 없습니다. 디버그 정보가 없는 것처럼 개체를 링크합니다.
libjasper.lib(jas_icc.obj) : warning LNK4099: 'libjasper.pdb' PDB를 'libjasper.lib(jas_icc.obj)' 또는 'C:\Users\spring\Documents\SourceTree\TSpring\x64\Release\libjasper.pdb'에서 찾을 수 없습니다. 디버그 정보가 없는 것처럼 개체를 링크합니다.
libjasper.lib(jas_iccdata.obj) : warning LNK4099: 'libjasper.pdb' PDB를 'libjasper.lib(jas_iccdata.obj)' 또는 'C:\Users\spring\Documents\SourceTree\TSpring\x64\Release\libjasper.pdb'에서 찾을 수 없습니다. 디버그 정보가 없는 것처럼 개체를 링크합니다.
libjasper.lib(jas_image.obj) : warning LNK4099: 'libjasper.pdb' PDB를 'libjasper.lib(jas_image.obj)' 또는 'C:\Users\spring\Documents\SourceTree\TSpring\x64\Release\libjasper.pdb'에서 찾을 수 없습니다. 디버그 정보가 없는 것처럼 개체를 링크합니다.
libjasper.lib(jas_init.obj) : warning LNK4099: 'libjasper.pdb' PDB를 'libjasper.lib(jas_init.obj)' 또는 'C:\Users\spring\Documents\SourceTree\TSpring\x64\Release\libjasper.pdb'에서 찾을 수 없습니다. 디버그 정보가 없는 것처럼 개체를 링크합니다.
libjasper.lib(jas_malloc.obj) : warning LNK4099: 'libjasper.pdb' PDB를 'libjasper.lib(jas_malloc.obj)' 또는 'C:\Users\spring\Documents\SourceTree\TSpring\x64\Release\libjasper.pdb'에서 찾을 수 없습니다. 디버그 정보가 없는 것처럼 개체를 링크합니다.
libjasper.lib(jas_seq.obj) : warning LNK4099: 'libjasper.pdb' PDB를 'libjasper.lib(jas_seq.obj)' 또는 'C:\Users\spring\Documents\SourceTree\TSpring\x64\Release\libjasper.pdb'에서 찾을 수 없습니다. 디버그 정보가 없는 것처럼 개체를 링크합니다.
libjasper.lib(jas_stream.obj) : warning LNK4099: 'libjasper.pdb' PDB를 'libjasper.lib(jas_stream.obj)' 또는 'C:\Users\spring\Documents\SourceTree\TSpring\x64\Release\libjasper.pdb'에서 찾을 수 없습니다. 디버그 정보가 없는 것처럼 개체를 링크합니다.
libjasper.lib(jas_string.obj) : warning LNK4099: 'libjasper.pdb' PDB를 'libjasper.lib(jas_string.obj)' 또는 'C:\Users\spring\Documents\SourceTree\TSpring\x64\Release\libjasper.pdb'에서 찾을 수 없습니다. 디버그 정보가 없는 것처럼 개체를 링크합니다.
libjasper.lib(jas_tvp.obj) : warning LNK4099: 'libjasper.pdb' PDB를 'libjasper.lib(jas_tvp.obj)' 또는 'C:\Users\spring\Documents\SourceTree\TSpring\x64\Release\libjasper.pdb'에서 찾을 수 없습니다. 디버그 정보가 없는 것처럼 개체를 링크합니다.
libjasper.lib(jas_version.obj) : warning LNK4099: 'libjasper.pdb' PDB를 'libjasper.lib(jas_version.obj)' 또는 'C:\Users\spring\Documents\SourceTree\TSpring\x64\Release\libjasper.pdb'에서 찾을 수 없습니다. 디버그 정보가 없는 것처럼 개체를 링크합니다.
libjasper.lib(jp2_cod.obj) : warning LNK4099: 'libjasper.pdb' PDB를 'libjasper.lib(jp2_cod.obj)' 또는 'C:\Users\spring\Documents\SourceTree\TSpring\x64\Release\libjasper.pdb'에서 찾을 수 없습니다. 디버그 정보가 없는 것처럼 개체를 링크합니다.
libjasper.lib(jp2_dec.obj) : warning LNK4099: 'libjasper.pdb' PDB를 'libjasper.lib(jp2_dec.obj)' 또는 'C:\Users\spring\Documents\SourceTree\TSpring\x64\Release\libjasper.pdb'에서 찾을 수 없습니다. 디버그 정보가 없는 것처럼 개체를 링크합니다.
libjasper.lib(jp2_enc.obj) : warning LNK4099: 'libjasper.pdb' PDB를 'libjasper.lib(jp2_enc.obj)' 또는 'C:\Users\spring\Documents\SourceTree\TSpring\x64\Release\libjasper.pdb'에서 찾을 수 없습니다. 디버그 정보가 없는 것처럼 개체를 링크합니다.
libjasper.lib(jpc_bs.obj) : warning LNK4099: 'libjasper.pdb' PDB를 'libjasper.lib(jpc_bs.obj)' 또는 'C:\Users\spring\Documents\SourceTree\TSpring\x64\Release\libjasper.pdb'에서 찾을 수 없습니다. 디버그 정보가 없는 것처럼 개체를 링크합니다.
libjasper.lib(jpc_cs.obj) : warning LNK4099: 'libjasper.pdb' PDB를 'libjasper.lib(jpc_cs.obj)' 또는 'C:\Users\spring\Documents\SourceTree\TSpring\x64\Release\libjasper.pdb'에서 찾을 수 없습니다. 디버그 정보가 없는 것처럼 개체를 링크합니다.
libjasper.lib(jpc_dec.obj) : warning LNK4099: 'libjasper.pdb' PDB를 'libjasper.lib(jpc_dec.obj)' 또는 'C:\Users\spring\Documents\SourceTree\TSpring\x64\Release\libjasper.pdb'에서 찾을 수 없습니다. 디버그 정보가 없는 것처럼 개체를 링크합니다.
libjasper.lib(jpc_enc.obj) : warning LNK4099: 'libjasper.pdb' PDB를 'libjasper.lib(jpc_enc.obj)' 또는 'C:\Users\spring\Documents\SourceTree\TSpring\x64\Release\libjasper.pdb'에서 찾을 수 없습니다. 디버그 정보가 없는 것처럼 개체를 링크합니다.
libjasper.lib(jpc_math.obj) : warning LNK4099: 'libjasper.pdb' PDB를 'libjasper.lib(jpc_math.obj)' 또는 'C:\Users\spring\Documents\SourceTree\TSpring\x64\Release\libjasper.pdb'에서 찾을 수 없습니다. 디버그 정보가 없는 것처럼 개체를 링크합니다.
libjasper.lib(jpc_mct.obj) : warning LNK4099: 'libjasper.pdb' PDB를 'libjasper.lib(jpc_mct.obj)' 또는 'C:\Users\spring\Documents\SourceTree\TSpring\x64\Release\libjasper.pdb'에서 찾을 수 없습니다. 디버그 정보가 없는 것처럼 개체를 링크합니다.
libjasper.lib(jpc_mqcod.obj) : warning LNK4099: 'libjasper.pdb' PDB를 'libjasper.lib(jpc_mqcod.obj)' 또는 'C:\Users\spring\Documents\SourceTree\TSpring\x64\Release\libjasper.pdb'에서 찾을 수 없습니다. 디버그 정보가 없는 것처럼 개체를 링크합니다.
libjasper.lib(jpc_mqdec.obj) : warning LNK4099: 'libjasper.pdb' PDB를 'libjasper.lib(jpc_mqdec.obj)' 또는 'C:\Users\spring\Documents\SourceTree\TSpring\x64\Release\libjasper.pdb'에서 찾을 수 없습니다. 디버그 정보가 없는 것처럼 개체를 링크합니다.
libjasper.lib(jpc_mqenc.obj) : warning LNK4099: 'libjasper.pdb' PDB를 'libjasper.lib(jpc_mqenc.obj)' 또는 'C:\Users\spring\Documents\SourceTree\TSpring\x64\Release\libjasper.pdb'에서 찾을 수 없습니다. 디버그 정보가 없는 것처럼 개체를 링크합니다.
libjasper.lib(jpc_qmfb.obj) : warning LNK4099: 'libjasper.pdb' PDB를 'libjasper.lib(jpc_qmfb.obj)' 또는 'C:\Users\spring\Documents\SourceTree\TSpring\x64\Release\libjasper.pdb'에서 찾을 수 없습니다. 디버그 정보가 없는 것처럼 개체를 링크합니다.
libjasper.lib(jpc_t1cod.obj) : warning LNK4099: 'libjasper.pdb' PDB를 'libjasper.lib(jpc_t1cod.obj)' 또는 'C:\Users\spring\Documents\SourceTree\TSpring\x64\Release\libjasper.pdb'에서 찾을 수 없습니다. 디버그 정보가 없는 것처럼 개체를 링크합니다.
libjasper.lib(jpc_t1dec.obj) : warning LNK4099: 'libjasper.pdb' PDB를 'libjasper.lib(jpc_t1dec.obj)' 또는 'C:\Users\spring\Documents\SourceTree\TSpring\x64\Release\libjasper.pdb'에서 찾을 수 없습니다. 디버그 정보가 없는 것처럼 개체를 링크합니다.
libjasper.lib(jpc_t1enc.obj) : warning LNK4099: 'libjasper.pdb' PDB를 'libjasper.lib(jpc_t1enc.obj)' 또는 'C:\Users\spring\Documents\SourceTree\TSpring\x64\Release\libjasper.pdb'에서 찾을 수 없습니다. 디버그 정보가 없는 것처럼 개체를 링크합니다.
libjasper.lib(jpc_t2cod.obj) : warning LNK4099: 'libjasper.pdb' PDB를 'libjasper.lib(jpc_t2cod.obj)' 또는 'C:\Users\spring\Documents\SourceTree\TSpring\x64\Release\libjasper.pdb'에서 찾을 수 없습니다. 디버그 정보가 없는 것처럼 개체를 링크합니다.
libjasper.lib(jpc_t2dec.obj) : warning LNK4099: 'libjasper.pdb' PDB를 'libjasper.lib(jpc_t2dec.obj)' 또는 'C:\Users\spring\Documents\SourceTree\TSpring\x64\Release\libjasper.pdb'에서 찾을 수 없습니다. 디버그 정보가 없는 것처럼 개체를 링크합니다.
libjasper.lib(jpc_t2enc.obj) : warning LNK4099: 'libjasper.pdb' PDB를 'libjasper.lib(jpc_t2enc.obj)' 또는 'C:\Users\spring\Documents\SourceTree\TSpring\x64\Release\libjasper.pdb'에서 찾을 수 없습니다. 디버그 정보가 없는 것처럼 개체를 링크합니다.
libjasper.lib(jpc_tagtree.obj) : warning LNK4099: 'libjasper.pdb' PDB를 'libjasper.lib(jpc_tagtree.obj)' 또는 'C:\Users\spring\Documents\SourceTree\TSpring\x64\Release\libjasper.pdb'에서 찾을 수 없습니다. 디버그 정보가 없는 것처럼 개체를 링크합니다.
libjasper.lib(jpc_tsfb.obj) : warning LNK4099: 'libjasper.pdb' PDB를 'libjasper.lib(jpc_tsfb.obj)' 또는 'C:\Users\spring\Documents\SourceTree\TSpring\x64\Release\libjasper.pdb'에서 찾을 수 없습니다. 디버그 정보가 없는 것처럼 개체를 링크합니다.
libjasper.lib(jpc_util.obj) : warning LNK4099: 'libjasper.pdb' PDB를 'libjasper.lib(jpc_util.obj)' 또는 'C:\Users\spring\Documents\SourceTree\TSpring\x64\Release\libjasper.pdb'에서 찾을 수 없습니다. 디버그 정보가 없는 것처럼 개체를 링크합니다.
libjpeg.lib(jcapimin.obj) : warning LNK4099: 'libjpeg.pdb' PDB를 'libjpeg.lib(jcapimin.obj)' 또는 'C:\Users\spring\Documents\SourceTree\TSpring\x64\Release\libjpeg.pdb'에서 찾을 수 없습니다. 디버그 정보가 없는 것처럼 개체를 링크합니다.
libjpeg.lib(jcapistd.obj) : warning LNK4099: 'libjpeg.pdb' PDB를 'libjpeg.lib(jcapistd.obj)' 또는 'C:\Users\spring\Documents\SourceTree\TSpring\x64\Release\libjpeg.pdb'에서 찾을 수 없습니다. 디버그 정보가 없는 것처럼 개체를 링크합니다.
libjpeg.lib(jccoefct.obj) : warning LNK4099: 'libjpeg.pdb' PDB를 'libjpeg.lib(jccoefct.obj)' 또는 'C:\Users\spring\Documents\SourceTree\TSpring\x64\Release\libjpeg.pdb'에서 찾을 수 없습니다. 디버그 정보가 없는 것처럼 개체를 링크합니다.
libjpeg.lib(jccolor.obj) : warning LNK4099: 'libjpeg.pdb' PDB를 'libjpeg.lib(jccolor.obj)' 또는 'C:\Users\spring\Documents\SourceTree\TSpring\x64\Release\libjpeg.pdb'에서 찾을 수 없습니다. 디버그 정보가 없는 것처럼 개체를 링크합니다.
libjpeg.lib(jcdctmgr.obj) : warning LNK4099: 'libjpeg.pdb' PDB를 'libjpeg.lib(jcdctmgr.obj)' 또는 'C:\Users\spring\Documents\SourceTree\TSpring\x64\Release\libjpeg.pdb'에서 찾을 수 없습니다. 디버그 정보가 없는 것처럼 개체를 링크합니다.
libjpeg.lib(jchuff.obj) : warning LNK4099: 'libjpeg.pdb' PDB를 'libjpeg.lib(jchuff.obj)' 또는 'C:\Users\spring\Documents\SourceTree\TSpring\x64\Release\libjpeg.pdb'에서 찾을 수 없습니다. 디버그 정보가 없는 것처럼 개체를 링크합니다.
libjpeg.lib(jcinit.obj) : warning LNK4099: 'libjpeg.pdb' PDB를 'libjpeg.lib(jcinit.obj)' 또는 'C:\Users\spring\Documents\SourceTree\TSpring\x64\Release\libjpeg.pdb'에서 찾을 수 없습니다. 디버그 정보가 없는 것처럼 개체를 링크합니다.
libjpeg.lib(jcmainct.obj) : warning LNK4099: 'libjpeg.pdb' PDB를 'libjpeg.lib(jcmainct.obj)' 또는 'C:\Users\spring\Documents\SourceTree\TSpring\x64\Release\libjpeg.pdb'에서 찾을 수 없습니다. 디버그 정보가 없는 것처럼 개체를 링크합니다.
libjpeg.lib(jcmarker.obj) : warning LNK4099: 'libjpeg.pdb' PDB를 'libjpeg.lib(jcmarker.obj)' 또는 'C:\Users\spring\Documents\SourceTree\TSpring\x64\Release\libjpeg.pdb'에서 찾을 수 없습니다. 디버그 정보가 없는 것처럼 개체를 링크합니다.
libjpeg.lib(jcmaster.obj) : warning LNK4099: 'libjpeg.pdb' PDB를 'libjpeg.lib(jcmaster.obj)' 또는 'C:\Users\spring\Documents\SourceTree\TSpring\x64\Release\libjpeg.pdb'에서 찾을 수 없습니다. 디버그 정보가 없는 것처럼 개체를 링크합니다.
libjpeg.lib(jcomapi.obj) : warning LNK4099: 'libjpeg.pdb' PDB를 'libjpeg.lib(jcomapi.obj)' 또는 'C:\Users\spring\Documents\SourceTree\TSpring\x64\Release\libjpeg.pdb'에서 찾을 수 없습니다. 디버그 정보가 없는 것처럼 개체를 링크합니다.
libjpeg.lib(jcparam.obj) : warning LNK4099: 'libjpeg.pdb' PDB를 'libjpeg.lib(jcparam.obj)' 또는 'C:\Users\spring\Documents\SourceTree\TSpring\x64\Release\libjpeg.pdb'에서 찾을 수 없습니다. 디버그 정보가 없는 것처럼 개체를 링크합니다.
libjpeg.lib(jcphuff.obj) : warning LNK4099: 'libjpeg.pdb' PDB를 'libjpeg.lib(jcphuff.obj)' 또는 'C:\Users\spring\Documents\SourceTree\TSpring\x64\Release\libjpeg.pdb'에서 찾을 수 없습니다. 디버그 정보가 없는 것처럼 개체를 링크합니다.
libjpeg.lib(jcprepct.obj) : warning LNK4099: 'libjpeg.pdb' PDB를 'libjpeg.lib(jcprepct.obj)' 또는 'C:\Users\spring\Documents\SourceTree\TSpring\x64\Release\libjpeg.pdb'에서 찾을 수 없습니다. 디버그 정보가 없는 것처럼 개체를 링크합니다.
libjpeg.lib(jcsample.obj) : warning LNK4099: 'libjpeg.pdb' PDB를 'libjpeg.lib(jcsample.obj)' 또는 'C:\Users\spring\Documents\SourceTree\TSpring\x64\Release\libjpeg.pdb'에서 찾을 수 없습니다. 디버그 정보가 없는 것처럼 개체를 링크합니다.
libjpeg.lib(jdapimin.obj) : warning LNK4099: 'libjpeg.pdb' PDB를 'libjpeg.lib(jdapimin.obj)' 또는 'C:\Users\spring\Documents\SourceTree\TSpring\x64\Release\libjpeg.pdb'에서 찾을 수 없습니다. 디버그 정보가 없는 것처럼 개체를 링크합니다.
libjpeg.lib(jdapistd.obj) : warning LNK4099: 'libjpeg.pdb' PDB를 'libjpeg.lib(jdapistd.obj)' 또는 'C:\Users\spring\Documents\SourceTree\TSpring\x64\Release\libjpeg.pdb'에서 찾을 수 없습니다. 디버그 정보가 없는 것처럼 개체를 링크합니다.
libjpeg.lib(jdatadst.obj) : warning LNK4099: 'libjpeg.pdb' PDB를 'libjpeg.lib(jdatadst.obj)' 또는 'C:\Users\spring\Documents\SourceTree\TSpring\x64\Release\libjpeg.pdb'에서 찾을 수 없습니다. 디버그 정보가 없는 것처럼 개체를 링크합니다.
libjpeg.lib(jdatasrc.obj) : warning LNK4099: 'libjpeg.pdb' PDB를 'libjpeg.lib(jdatasrc.obj)' 또는 'C:\Users\spring\Documents\SourceTree\TSpring\x64\Release\libjpeg.pdb'에서 찾을 수 없습니다. 디버그 정보가 없는 것처럼 개체를 링크합니다.
libjpeg.lib(jdcoefct.obj) : warning LNK4099: 'libjpeg.pdb' PDB를 'libjpeg.lib(jdcoefct.obj)' 또는 'C:\Users\spring\Documents\SourceTree\TSpring\x64\Release\libjpeg.pdb'에서 찾을 수 없습니다. 디버그 정보가 없는 것처럼 개체를 링크합니다.
libjpeg.lib(jdcolor.obj) : warning LNK4099: 'libjpeg.pdb' PDB를 'libjpeg.lib(jdcolor.obj)' 또는 'C:\Users\spring\Documents\SourceTree\TSpring\x64\Release\libjpeg.pdb'에서 찾을 수 없습니다. 디버그 정보가 없는 것처럼 개체를 링크합니다.
libjpeg.lib(jddctmgr.obj) : warning LNK4099: 'libjpeg.pdb' PDB를 'libjpeg.lib(jddctmgr.obj)' 또는 'C:\Users\spring\Documents\SourceTree\TSpring\x64\Release\libjpeg.pdb'에서 찾을 수 없습니다. 디버그 정보가 없는 것처럼 개체를 링크합니다.
libjpeg.lib(jdhuff.obj) : warning LNK4099: 'libjpeg.pdb' PDB를 'libjpeg.lib(jdhuff.obj)' 또는 'C:\Users\spring\Documents\SourceTree\TSpring\x64\Release\libjpeg.pdb'에서 찾을 수 없습니다. 디버그 정보가 없는 것처럼 개체를 링크합니다.
libjpeg.lib(jdinput.obj) : warning LNK4099: 'libjpeg.pdb' PDB를 'libjpeg.lib(jdinput.obj)' 또는 'C:\Users\spring\Documents\SourceTree\TSpring\x64\Release\libjpeg.pdb'에서 찾을 수 없습니다. 디버그 정보가 없는 것처럼 개체를 링크합니다.
libjpeg.lib(jdmainct.obj) : warning LNK4099: 'libjpeg.pdb' PDB를 'libjpeg.lib(jdmainct.obj)' 또는 'C:\Users\spring\Documents\SourceTree\TSpring\x64\Release\libjpeg.pdb'에서 찾을 수 없습니다. 디버그 정보가 없는 것처럼 개체를 링크합니다.
libjpeg.lib(jdmarker.obj) : warning LNK4099: 'libjpeg.pdb' PDB를 'libjpeg.lib(jdmarker.obj)' 또는 'C:\Users\spring\Documents\SourceTree\TSpring\x64\Release\libjpeg.pdb'에서 찾을 수 없습니다. 디버그 정보가 없는 것처럼 개체를 링크합니다.
libjpeg.lib(jdmaster.obj) : warning LNK4099: 'libjpeg.pdb' PDB를 'libjpeg.lib(jdmaster.obj)' 또는 'C:\Users\spring\Documents\SourceTree\TSpring\x64\Release\libjpeg.pdb'에서 찾을 수 없습니다. 디버그 정보가 없는 것처럼 개체를 링크합니다.
libjpeg.lib(jdmerge.obj) : warning LNK4099: 'libjpeg.pdb' PDB를 'libjpeg.lib(jdmerge.obj)' 또는 'C:\Users\spring\Documents\SourceTree\TSpring\x64\Release\libjpeg.pdb'에서 찾을 수 없습니다. 디버그 정보가 없는 것처럼 개체를 링크합니다.
libjpeg.lib(jdphuff.obj) : warning LNK4099: 'libjpeg.pdb' PDB를 'libjpeg.lib(jdphuff.obj)' 또는 'C:\Users\spring\Documents\SourceTree\TSpring\x64\Release\libjpeg.pdb'에서 찾을 수 없습니다. 디버그 정보가 없는 것처럼 개체를 링크합니다.
libjpeg.lib(jdpostct.obj) : warning LNK4099: 'libjpeg.pdb' PDB를 'libjpeg.lib(jdpostct.obj)' 또는 'C:\Users\spring\Documents\SourceTree\TSpring\x64\Release\libjpeg.pdb'에서 찾을 수 없습니다. 디버그 정보가 없는 것처럼 개체를 링크합니다.
libjpeg.lib(jdsample.obj) : warning LNK4099: 'libjpeg.pdb' PDB를 'libjpeg.lib(jdsample.obj)' 또는 'C:\Users\spring\Documents\SourceTree\TSpring\x64\Release\libjpeg.pdb'에서 찾을 수 없습니다. 디버그 정보가 없는 것처럼 개체를 링크합니다.
libjpeg.lib(jerror.obj) : warning LNK4099: 'libjpeg.pdb' PDB를 'libjpeg.lib(jerror.obj)' 또는 'C:\Users\spring\Documents\SourceTree\TSpring\x64\Release\libjpeg.pdb'에서 찾을 수 없습니다. 디버그 정보가 없는 것처럼 개체를 링크합니다.
libjpeg.lib(jfdctflt.obj) : warning LNK4099: 'libjpeg.pdb' PDB를 'libjpeg.lib(jfdctflt.obj)' 또는 'C:\Users\spring\Documents\SourceTree\TSpring\x64\Release\libjpeg.pdb'에서 찾을 수 없습니다. 디버그 정보가 없는 것처럼 개체를 링크합니다.
libjpeg.lib(jfdctfst.obj) : warning LNK4099: 'libjpeg.pdb' PDB를 'libjpeg.lib(jfdctfst.obj)' 또는 'C:\Users\spring\Documents\SourceTree\TSpring\x64\Release\libjpeg.pdb'에서 찾을 수 없습니다. 디버그 정보가 없는 것처럼 개체를 링크합니다.
libjpeg.lib(jfdctint.obj) : warning LNK4099: 'libjpeg.pdb' PDB를 'libjpeg.lib(jfdctint.obj)' 또는 'C:\Users\spring\Documents\SourceTree\TSpring\x64\Release\libjpeg.pdb'에서 찾을 수 없습니다. 디버그 정보가 없는 것처럼 개체를 링크합니다.
libjpeg.lib(jidctflt.obj) : warning LNK4099: 'libjpeg.pdb' PDB를 'libjpeg.lib(jidctflt.obj)' 또는 'C:\Users\spring\Documents\SourceTree\TSpring\x64\Release\libjpeg.pdb'에서 찾을 수 없습니다. 디버그 정보가 없는 것처럼 개체를 링크합니다.
libjpeg.lib(jidctfst.obj) : warning LNK4099: 'libjpeg.pdb' PDB를 'libjpeg.lib(jidctfst.obj)' 또는 'C:\Users\spring\Documents\SourceTree\TSpring\x64\Release\libjpeg.pdb'에서 찾을 수 없습니다. 디버그 정보가 없는 것처럼 개체를 링크합니다.
libjpeg.lib(jidctint.obj) : warning LNK4099: 'libjpeg.pdb' PDB를 'libjpeg.lib(jidctint.obj)' 또는 'C:\Users\spring\Documents\SourceTree\TSpring\x64\Release\libjpeg.pdb'에서 찾을 수 없습니다. 디버그 정보가 없는 것처럼 개체를 링크합니다.
libjpeg.lib(jidctred.obj) : warning LNK4099: 'libjpeg.pdb' PDB를 'libjpeg.lib(jidctred.obj)' 또는 'C:\Users\spring\Documents\SourceTree\TSpring\x64\Release\libjpeg.pdb'에서 찾을 수 없습니다. 디버그 정보가 없는 것처럼 개체를 링크합니다.
libjpeg.lib(jmemansi.obj) : warning LNK4099: 'libjpeg.pdb' PDB를 'libjpeg.lib(jmemansi.obj)' 또는 'C:\Users\spring\Documents\SourceTree\TSpring\x64\Release\libjpeg.pdb'에서 찾을 수 없습니다. 디버그 정보가 없는 것처럼 개체를 링크합니다.
libjpeg.lib(jmemmgr.obj) : warning LNK4099: 'libjpeg.pdb' PDB를 'libjpeg.lib(jmemmgr.obj)' 또는 'C:\Users\spring\Documents\SourceTree\TSpring\x64\Release\libjpeg.pdb'에서 찾을 수 없습니다. 디버그 정보가 없는 것처럼 개체를 링크합니다.
libjpeg.lib(jquant1.obj) : warning LNK4099: 'libjpeg.pdb' PDB를 'libjpeg.lib(jquant1.obj)' 또는 'C:\Users\spring\Documents\SourceTree\TSpring\x64\Release\libjpeg.pdb'에서 찾을 수 없습니다. 디버그 정보가 없는 것처럼 개체를 링크합니다.
libjpeg.lib(jquant2.obj) : warning LNK4099: 'libjpeg.pdb' PDB를 'libjpeg.lib(jquant2.obj)' 또는 'C:\Users\spring\Documents\SourceTree\TSpring\x64\Release\libjpeg.pdb'에서 찾을 수 없습니다. 디버그 정보가 없는 것처럼 개체를 링크합니다.
libjpeg.lib(jutils.obj) : warning LNK4099: 'libjpeg.pdb' PDB를 'libjpeg.lib(jutils.obj)' 또는 'C:\Users\spring\Documents\SourceTree\TSpring\x64\Release\libjpeg.pdb'에서 찾을 수 없습니다. 디버그 정보가 없는 것처럼 개체를 링크합니다.
libpng.lib(png.obj) : warning LNK4099: 'libpng.pdb' PDB를 'libpng.lib(png.obj)' 또는 'C:\Users\spring\Documents\SourceTree\TSpring\x64\Release\libpng.pdb'에서 찾을 수 없습니다. 디버그 정보가 없는 것처럼 개체를 링크합니다.
libpng.lib(pngerror.obj) : warning LNK4099: 'libpng.pdb' PDB를 'libpng.lib(pngerror.obj)' 또는 'C:\Users\spring\Documents\SourceTree\TSpring\x64\Release\libpng.pdb'에서 찾을 수 없습니다. 디버그 정보가 없는 것처럼 개체를 링크합니다.
libpng.lib(pngget.obj) : warning LNK4099: 'libpng.pdb' PDB를 'libpng.lib(pngget.obj)' 또는 'C:\Users\spring\Documents\SourceTree\TSpring\x64\Release\libpng.pdb'에서 찾을 수 없습니다. 디버그 정보가 없는 것처럼 개체를 링크합니다.
libpng.lib(pngmem.obj) : warning LNK4099: 'libpng.pdb' PDB를 'libpng.lib(pngmem.obj)' 또는 'C:\Users\spring\Documents\SourceTree\TSpring\x64\Release\libpng.pdb'에서 찾을 수 없습니다. 디버그 정보가 없는 것처럼 개체를 링크합니다.
libpng.lib(pngread.obj) : warning LNK4099: 'libpng.pdb' PDB를 'libpng.lib(pngread.obj)' 또는 'C:\Users\spring\Documents\SourceTree\TSpring\x64\Release\libpng.pdb'에서 찾을 수 없습니다. 디버그 정보가 없는 것처럼 개체를 링크합니다.
libpng.lib(pngrio.obj) : warning LNK4099: 'libpng.pdb' PDB를 'libpng.lib(pngrio.obj)' 또는 'C:\Users\spring\Documents\SourceTree\TSpring\x64\Release\libpng.pdb'에서 찾을 수 없습니다. 디버그 정보가 없는 것처럼 개체를 링크합니다.
libpng.lib(pngrtran.obj) : warning LNK4099: 'libpng.pdb' PDB를 'libpng.lib(pngrtran.obj)' 또는 'C:\Users\spring\Documents\SourceTree\TSpring\x64\Release\libpng.pdb'에서 찾을 수 없습니다. 디버그 정보가 없는 것처럼 개체를 링크합니다.
libpng.lib(pngrutil.obj) : warning LNK4099: 'libpng.pdb' PDB를 'libpng.lib(pngrutil.obj)' 또는 'C:\Users\spring\Documents\SourceTree\TSpring\x64\Release\libpng.pdb'에서 찾을 수 없습니다. 디버그 정보가 없는 것처럼 개체를 링크합니다.
libpng.lib(pngset.obj) : warning LNK4099: 'libpng.pdb' PDB를 'libpng.lib(pngset.obj)' 또는 'C:\Users\spring\Documents\SourceTree\TSpring\x64\Release\libpng.pdb'에서 찾을 수 없습니다. 디버그 정보가 없는 것처럼 개체를 링크합니다.
libpng.lib(pngtrans.obj) : warning LNK4099: 'libpng.pdb' PDB를 'libpng.lib(pngtrans.obj)' 또는 'C:\Users\spring\Documents\SourceTree\TSpring\x64\Release\libpng.pdb'에서 찾을 수 없습니다. 디버그 정보가 없는 것처럼 개체를 링크합니다.
libpng.lib(pngwio.obj) : warning LNK4099: 'libpng.pdb' PDB를 'libpng.lib(pngwio.obj)' 또는 'C:\Users\spring\Documents\SourceTree\TSpring\x64\Release\libpng.pdb'에서 찾을 수 없습니다. 디버그 정보가 없는 것처럼 개체를 링크합니다.
libpng.lib(pngwrite.obj) : warning LNK4099: 'libpng.pdb' PDB를 'libpng.lib(pngwrite.obj)' 또는 'C:\Users\spring\Documents\SourceTree\TSpring\x64\Release\libpng.pdb'에서 찾을 수 없습니다. 디버그 정보가 없는 것처럼 개체를 링크합니다.
libpng.lib(pngwtran.obj) : warning LNK4099: 'libpng.pdb' PDB를 'libpng.lib(pngwtran.obj)' 또는 'C:\Users\spring\Documents\SourceTree\TSpring\x64\Release\libpng.pdb'에서 찾을 수 없습니다. 디버그 정보가 없는 것처럼 개체를 링크합니다.
libpng.lib(pngwutil.obj) : warning LNK4099: 'libpng.pdb' PDB를 'libpng.lib(pngwutil.obj)' 또는 'C:\Users\spring\Documents\SourceTree\TSpring\x64\Release\libpng.pdb'에서 찾을 수 없습니다. 디버그 정보가 없는 것처럼 개체를 링크합니다.
libtiff.lib(tif_aux.obj) : warning LNK4099: 'libtiff.pdb' PDB를 'libtiff.lib(tif_aux.obj)' 또는 'C:\Users\spring\Documents\SourceTree\TSpring\x64\Release\libtiff.pdb'에서 찾을 수 없습니다. 디버그 정보가 없는 것처럼 개체를 링크합니다.
libtiff.lib(tif_close.obj) : warning LNK4099: 'libtiff.pdb' PDB를 'libtiff.lib(tif_close.obj)' 또는 'C:\Users\spring\Documents\SourceTree\TSpring\x64\Release\libtiff.pdb'에서 찾을 수 없습니다. 디버그 정보가 없는 것처럼 개체를 링크합니다.
libtiff.lib(tif_codec.obj) : warning LNK4099: 'libtiff.pdb' PDB를 'libtiff.lib(tif_codec.obj)' 또는 'C:\Users\spring\Documents\SourceTree\TSpring\x64\Release\libtiff.pdb'에서 찾을 수 없습니다. 디버그 정보가 없는 것처럼 개체를 링크합니다.
libtiff.lib(tif_color.obj) : warning LNK4099: 'libtiff.pdb' PDB를 'libtiff.lib(tif_color.obj)' 또는 'C:\Users\spring\Documents\SourceTree\TSpring\x64\Release\libtiff.pdb'에서 찾을 수 없습니다. 디버그 정보가 없는 것처럼 개체를 링크합니다.
libtiff.lib(tif_compress.obj) : warning LNK4099: 'libtiff.pdb' PDB를 'libtiff.lib(tif_compress.obj)' 또는 'C:\Users\spring\Documents\SourceTree\TSpring\x64\Release\libtiff.pdb'에서 찾을 수 없습니다. 디버그 정보가 없는 것처럼 개체를 링크합니다.
libtiff.lib(tif_dir.obj) : warning LNK4099: 'libtiff.pdb' PDB를 'libtiff.lib(tif_dir.obj)' 또는 'C:\Users\spring\Documents\SourceTree\TSpring\x64\Release\libtiff.pdb'에서 찾을 수 없습니다. 디버그 정보가 없는 것처럼 개체를 링크합니다.
libtiff.lib(tif_dirinfo.obj) : warning LNK4099: 'libtiff.pdb' PDB를 'libtiff.lib(tif_dirinfo.obj)' 또는 'C:\Users\spring\Documents\SourceTree\TSpring\x64\Release\libtiff.pdb'에서 찾을 수 없습니다. 디버그 정보가 없는 것처럼 개체를 링크합니다.
libtiff.lib(tif_dirread.obj) : warning LNK4099: 'libtiff.pdb' PDB를 'libtiff.lib(tif_dirread.obj)' 또는 'C:\Users\spring\Documents\SourceTree\TSpring\x64\Release\libtiff.pdb'에서 찾을 수 없습니다. 디버그 정보가 없는 것처럼 개체를 링크합니다.
libtiff.lib(tif_dirwrite.obj) : warning LNK4099: 'libtiff.pdb' PDB를 'libtiff.lib(tif_dirwrite.obj)' 또는 'C:\Users\spring\Documents\SourceTree\TSpring\x64\Release\libtiff.pdb'에서 찾을 수 없습니다. 디버그 정보가 없는 것처럼 개체를 링크합니다.
libtiff.lib(tif_dumpmode.obj) : warning LNK4099: 'libtiff.pdb' PDB를 'libtiff.lib(tif_dumpmode.obj)' 또는 'C:\Users\spring\Documents\SourceTree\TSpring\x64\Release\libtiff.pdb'에서 찾을 수 없습니다. 디버그 정보가 없는 것처럼 개체를 링크합니다.
libtiff.lib(tif_error.obj) : warning LNK4099: 'libtiff.pdb' PDB를 'libtiff.lib(tif_error.obj)' 또는 'C:\Users\spring\Documents\SourceTree\TSpring\x64\Release\libtiff.pdb'에서 찾을 수 없습니다. 디버그 정보가 없는 것처럼 개체를 링크합니다.
libtiff.lib(tif_fax3.obj) : warning LNK4099: 'libtiff.pdb' PDB를 'libtiff.lib(tif_fax3.obj)' 또는 'C:\Users\spring\Documents\SourceTree\TSpring\x64\Release\libtiff.pdb'에서 찾을 수 없습니다. 디버그 정보가 없는 것처럼 개체를 링크합니다.
libtiff.lib(tif_fax3sm.obj) : warning LNK4099: 'libtiff.pdb' PDB를 'libtiff.lib(tif_fax3sm.obj)' 또는 'C:\Users\spring\Documents\SourceTree\TSpring\x64\Release\libtiff.pdb'에서 찾을 수 없습니다. 디버그 정보가 없는 것처럼 개체를 링크합니다.
libtiff.lib(tif_flush.obj) : warning LNK4099: 'libtiff.pdb' PDB를 'libtiff.lib(tif_flush.obj)' 또는 'C:\Users\spring\Documents\SourceTree\TSpring\x64\Release\libtiff.pdb'에서 찾을 수 없습니다. 디버그 정보가 없는 것처럼 개체를 링크합니다.
libtiff.lib(tif_getimage.obj) : warning LNK4099: 'libtiff.pdb' PDB를 'libtiff.lib(tif_getimage.obj)' 또는 'C:\Users\spring\Documents\SourceTree\TSpring\x64\Release\libtiff.pdb'에서 찾을 수 없습니다. 디버그 정보가 없는 것처럼 개체를 링크합니다.
libtiff.lib(tif_luv.obj) : warning LNK4099: 'libtiff.pdb' PDB를 'libtiff.lib(tif_luv.obj)' 또는 'C:\Users\spring\Documents\SourceTree\TSpring\x64\Release\libtiff.pdb'에서 찾을 수 없습니다. 디버그 정보가 없는 것처럼 개체를 링크합니다.
libtiff.lib(tif_lzw.obj) : warning LNK4099: 'libtiff.pdb' PDB를 'libtiff.lib(tif_lzw.obj)' 또는 'C:\Users\spring\Documents\SourceTree\TSpring\x64\Release\libtiff.pdb'에서 찾을 수 없습니다. 디버그 정보가 없는 것처럼 개체를 링크합니다.
libtiff.lib(tif_next.obj) : warning LNK4099: 'libtiff.pdb' PDB를 'libtiff.lib(tif_next.obj)' 또는 'C:\Users\spring\Documents\SourceTree\TSpring\x64\Release\libtiff.pdb'에서 찾을 수 없습니다. 디버그 정보가 없는 것처럼 개체를 링크합니다.
libtiff.lib(tif_open.obj) : warning LNK4099: 'libtiff.pdb' PDB를 'libtiff.lib(tif_open.obj)' 또는 'C:\Users\spring\Documents\SourceTree\TSpring\x64\Release\libtiff.pdb'에서 찾을 수 없습니다. 디버그 정보가 없는 것처럼 개체를 링크합니다.
libtiff.lib(tif_packbits.obj) : warning LNK4099: 'libtiff.pdb' PDB를 'libtiff.lib(tif_packbits.obj)' 또는 'C:\Users\spring\Documents\SourceTree\TSpring\x64\Release\libtiff.pdb'에서 찾을 수 없습니다. 디버그 정보가 없는 것처럼 개체를 링크합니다.
libtiff.lib(tif_pixarlog.obj) : warning LNK4099: 'libtiff.pdb' PDB를 'libtiff.lib(tif_pixarlog.obj)' 또는 'C:\Users\spring\Documents\SourceTree\TSpring\x64\Release\libtiff.pdb'에서 찾을 수 없습니다. 디버그 정보가 없는 것처럼 개체를 링크합니다.
libtiff.lib(tif_predict.obj) : warning LNK4099: 'libtiff.pdb' PDB를 'libtiff.lib(tif_predict.obj)' 또는 'C:\Users\spring\Documents\SourceTree\TSpring\x64\Release\libtiff.pdb'에서 찾을 수 없습니다. 디버그 정보가 없는 것처럼 개체를 링크합니다.
libtiff.lib(tif_read.obj) : warning LNK4099: 'libtiff.pdb' PDB를 'libtiff.lib(tif_read.obj)' 또는 'C:\Users\spring\Documents\SourceTree\TSpring\x64\Release\libtiff.pdb'에서 찾을 수 없습니다. 디버그 정보가 없는 것처럼 개체를 링크합니다.
libtiff.lib(tif_strip.obj) : warning LNK4099: 'libtiff.pdb' PDB를 'libtiff.lib(tif_strip.obj)' 또는 'C:\Users\spring\Documents\SourceTree\TSpring\x64\Release\libtiff.pdb'에서 찾을 수 없습니다. 디버그 정보가 없는 것처럼 개체를 링크합니다.
libtiff.lib(tif_swab.obj) : warning LNK4099: 'libtiff.pdb' PDB를 'libtiff.lib(tif_swab.obj)' 또는 'C:\Users\spring\Documents\SourceTree\TSpring\x64\Release\libtiff.pdb'에서 찾을 수 없습니다. 디버그 정보가 없는 것처럼 개체를 링크합니다.
libtiff.lib(tif_thunder.obj) : warning LNK4099: 'libtiff.pdb' PDB를 'libtiff.lib(tif_thunder.obj)' 또는 'C:\Users\spring\Documents\SourceTree\TSpring\x64\Release\libtiff.pdb'에서 찾을 수 없습니다. 디버그 정보가 없는 것처럼 개체를 링크합니다.
libtiff.lib(tif_tile.obj) : warning LNK4099: 'libtiff.pdb' PDB를 'libtiff.lib(tif_tile.obj)' 또는 'C:\Users\spring\Documents\SourceTree\TSpring\x64\Release\libtiff.pdb'에서 찾을 수 없습니다. 디버그 정보가 없는 것처럼 개체를 링크합니다.
libtiff.lib(tif_warning.obj) : warning LNK4099: 'libtiff.pdb' PDB를 'libtiff.lib(tif_warning.obj)' 또는 'C:\Users\spring\Documents\SourceTree\TSpring\x64\Release\libtiff.pdb'에서 찾을 수 없습니다. 디버그 정보가 없는 것처럼 개체를 링크합니다.
libtiff.lib(tif_write.obj) : warning LNK4099: 'libtiff.pdb' PDB를 'libtiff.lib(tif_write.obj)' 또는 'C:\Users\spring\Documents\SourceTree\TSpring\x64\Release\libtiff.pdb'에서 찾을 수 없습니다. 디버그 정보가 없는 것처럼 개체를 링크합니다.
libtiff.lib(tif_zip.obj) : warning LNK4099: 'libtiff.pdb' PDB를 'libtiff.lib(tif_zip.obj)' 또는 'C:\Users\spring\Documents\SourceTree\TSpring\x64\Release\libtiff.pdb'에서 찾을 수 없습니다. 디버그 정보가 없는 것처럼 개체를 링크합니다.
libtiff.lib(tif_win32.obj) : warning LNK4099: 'libtiff.pdb' PDB를 'libtiff.lib(tif_win32.obj)' 또는 'C:\Users\spring\Documents\SourceTree\TSpring\x64\Release\libtiff.pdb'에서 찾을 수 없습니다. 디버그 정보가 없는 것처럼 개체를 링크합니다.
opencv_core2413.lib(alloc.obj) : warning LNK4099: 'opencv_core2413.pdb' PDB를 'opencv_core2413.lib(alloc.obj)' 또는 'C:\Users\spring\Documents\SourceTree\TSpring\x64\Release\opencv_core2413.pdb'에서 찾을 수 없습니다. 디버그 정보가 없는 것처럼 개체를 링크합니다.
opencv_core2413.lib(arithm.obj) : warning LNK4099: 'opencv_core2413.pdb' PDB를 'opencv_core2413.lib(arithm.obj)' 또는 'C:\Users\spring\Documents\SourceTree\TSpring\x64\Release\opencv_core2413.pdb'에서 찾을 수 없습니다. 디버그 정보가 없는 것처럼 개체를 링크합니다.
opencv_core2413.lib(array.obj) : warning LNK4099: 'opencv_core2413.pdb' PDB를 'opencv_core2413.lib(array.obj)' 또는 'C:\Users\spring\Documents\SourceTree\TSpring\x64\Release\opencv_core2413.pdb'에서 찾을 수 없습니다. 디버그 정보가 없는 것처럼 개체를 링크합니다.
opencv_core2413.lib(convert.obj) : warning LNK4099: 'opencv_core2413.pdb' PDB를 'opencv_core2413.lib(convert.obj)' 또는 'C:\Users\spring\Documents\SourceTree\TSpring\x64\Release\opencv_core2413.pdb'에서 찾을 수 없습니다. 디버그 정보가 없는 것처럼 개체를 링크합니다.
opencv_core2413.lib(copy.obj) : warning LNK4099: 'opencv_core2413.pdb' PDB를 'opencv_core2413.lib(copy.obj)' 또는 'C:\Users\spring\Documents\SourceTree\TSpring\x64\Release\opencv_core2413.pdb'에서 찾을 수 없습니다. 디버그 정보가 없는 것처럼 개체를 링크합니다.
opencv_core2413.lib(datastructs.obj) : warning LNK4099: 'opencv_core2413.pdb' PDB를 'opencv_core2413.lib(datastructs.obj)' 또는 'C:\Users\spring\Documents\SourceTree\TSpring\x64\Release\opencv_core2413.pdb'에서 찾을 수 없습니다. 디버그 정보가 없는 것처럼 개체를 링크합니다.
opencv_core2413.lib(dxt.obj) : warning LNK4099: 'opencv_core2413.pdb' PDB를 'opencv_core2413.lib(dxt.obj)' 또는 'C:\Users\spring\Documents\SourceTree\TSpring\x64\Release\opencv_core2413.pdb'에서 찾을 수 없습니다. 디버그 정보가 없는 것처럼 개체를 링크합니다.
opencv_core2413.lib(gpumat.obj) : warning LNK4099: 'opencv_core2413.pdb' PDB를 'opencv_core2413.lib(gpumat.obj)' 또는 'C:\Users\spring\Documents\SourceTree\TSpring\x64\Release\opencv_core2413.pdb'에서 찾을 수 없습니다. 디버그 정보가 없는 것처럼 개체를 링크합니다.
opencv_core2413.lib(lapack.obj) : warning LNK4099: 'opencv_core2413.pdb' PDB를 'opencv_core2413.lib(lapack.obj)' 또는 'C:\Users\spring\Documents\SourceTree\TSpring\x64\Release\opencv_core2413.pdb'에서 찾을 수 없습니다. 디버그 정보가 없는 것처럼 개체를 링크합니다.
opencv_core2413.lib(mathfuncs.obj) : warning LNK4099: 'opencv_core2413.pdb' PDB를 'opencv_core2413.lib(mathfuncs.obj)' 또는 'C:\Users\spring\Documents\SourceTree\TSpring\x64\Release\opencv_core2413.pdb'에서 찾을 수 없습니다. 디버그 정보가 없는 것처럼 개체를 링크합니다.
opencv_core2413.lib(matmul.obj) : warning LNK4099: 'opencv_core2413.pdb' PDB를 'opencv_core2413.lib(matmul.obj)' 또는 'C:\Users\spring\Documents\SourceTree\TSpring\x64\Release\opencv_core2413.pdb'에서 찾을 수 없습니다. 디버그 정보가 없는 것처럼 개체를 링크합니다.
opencv_core2413.lib(matop.obj) : warning LNK4099: 'opencv_core2413.pdb' PDB를 'opencv_core2413.lib(matop.obj)' 또는 'C:\Users\spring\Documents\SourceTree\TSpring\x64\Release\opencv_core2413.pdb'에서 찾을 수 없습니다. 디버그 정보가 없는 것처럼 개체를 링크합니다.
opencv_core2413.lib(matrix.obj) : warning LNK4099: 'opencv_core2413.pdb' PDB를 'opencv_core2413.lib(matrix.obj)' 또는 'C:\Users\spring\Documents\SourceTree\TSpring\x64\Release\opencv_core2413.pdb'에서 찾을 수 없습니다. 디버그 정보가 없는 것처럼 개체를 링크합니다.
opencv_core2413.lib(opengl_interop.obj) : warning LNK4099: 'opencv_core2413.pdb' PDB를 'opencv_core2413.lib(opengl_interop.obj)' 또는 'C:\Users\spring\Documents\SourceTree\TSpring\x64\Release\opencv_core2413.pdb'에서 찾을 수 없습니다. 디버그 정보가 없는 것처럼 개체를 링크합니다.
opencv_core2413.lib(opengl_interop_deprecated.obj) : warning LNK4099: 'opencv_core2413.pdb' PDB를 'opencv_core2413.lib(opengl_interop_deprecated.obj)' 또는 'C:\Users\spring\Documents\SourceTree\TSpring\x64\Release\opencv_core2413.pdb'에서 찾을 수 없습니다. 디버그 정보가 없는 것처럼 개체를 링크합니다.
opencv_core2413.lib(parallel.obj) : warning LNK4099: 'opencv_core2413.pdb' PDB를 'opencv_core2413.lib(parallel.obj)' 또는 'C:\Users\spring\Documents\SourceTree\TSpring\x64\Release\opencv_core2413.pdb'에서 찾을 수 없습니다. 디버그 정보가 없는 것처럼 개체를 링크합니다.
opencv_core2413.lib(persistence.obj) : warning LNK4099: 'opencv_core2413.pdb' PDB를 'opencv_core2413.lib(persistence.obj)' 또는 'C:\Users\spring\Documents\SourceTree\TSpring\x64\Release\opencv_core2413.pdb'에서 찾을 수 없습니다. 디버그 정보가 없는 것처럼 개체를 링크합니다.
opencv_core2413.lib(rand.obj) : warning LNK4099: 'opencv_core2413.pdb' PDB를 'opencv_core2413.lib(rand.obj)' 또는 'C:\Users\spring\Documents\SourceTree\TSpring\x64\Release\opencv_core2413.pdb'에서 찾을 수 없습니다. 디버그 정보가 없는 것처럼 개체를 링크합니다.
opencv_core2413.lib(stat.obj) : warning LNK4099: 'opencv_core2413.pdb' PDB를 'opencv_core2413.lib(stat.obj)' 또는 'C:\Users\spring\Documents\SourceTree\TSpring\x64\Release\opencv_core2413.pdb'에서 찾을 수 없습니다. 디버그 정보가 없는 것처럼 개체를 링크합니다.
opencv_core2413.lib(system.obj) : warning LNK4099: 'opencv_core2413.pdb' PDB를 'opencv_core2413.lib(system.obj)' 또는 'C:\Users\spring\Documents\SourceTree\TSpring\x64\Release\opencv_core2413.pdb'에서 찾을 수 없습니다. 디버그 정보가 없는 것처럼 개체를 링크합니다.
opencv_core2413.lib(tables.obj) : warning LNK4099: 'opencv_core2413.pdb' PDB를 'opencv_core2413.lib(tables.obj)' 또는 'C:\Users\spring\Documents\SourceTree\TSpring\x64\Release\opencv_core2413.pdb'에서 찾을 수 없습니다. 디버그 정보가 없는 것처럼 개체를 링크합니다.
opencv_core2413.lib(opencv_core_pch.obj) : warning LNK4099: 'opencv_core2413.pdb' PDB를 'opencv_core2413.lib(opencv_core_pch.obj)' 또는 'C:\Users\spring\Documents\SourceTree\TSpring\x64\Release\opencv_core2413.pdb'에서 찾을 수 없습니다. 디버그 정보가 없는 것처럼 개체를 링크합니다.
opencv_highgui2413.lib(loadsave.obj) : warning LNK4099: 'opencv_highgui2413.pdb' PDB를 'opencv_highgui2413.lib(loadsave.obj)' 또는 'C:\Users\spring\Documents\SourceTree\TSpring\x64\Release\opencv_highgui2413.pdb'에서 찾을 수 없습니다. 디버그 정보가 없는 것처럼 개체를 링크합니다.
opencv_highgui2413.lib(utils.obj) : warning LNK4099: 'opencv_highgui2413.pdb' PDB를 'opencv_highgui2413.lib(utils.obj)' 또는 'C:\Users\spring\Documents\SourceTree\TSpring\x64\Release\opencv_highgui2413.pdb'에서 찾을 수 없습니다. 디버그 정보가 없는 것처럼 개체를 링크합니다.
opencv_highgui2413.lib(grfmt_base.obj) : warning LNK4099: 'opencv_highgui2413.pdb' PDB를 'opencv_highgui2413.lib(grfmt_base.obj)' 또는 'C:\Users\spring\Documents\SourceTree\TSpring\x64\Release\opencv_highgui2413.pdb'에서 찾을 수 없습니다. 디버그 정보가 없는 것처럼 개체를 링크합니다.
opencv_highgui2413.lib(grfmt_bmp.obj) : warning LNK4099: 'opencv_highgui2413.pdb' PDB를 'opencv_highgui2413.lib(grfmt_bmp.obj)' 또는 'C:\Users\spring\Documents\SourceTree\TSpring\x64\Release\opencv_highgui2413.pdb'에서 찾을 수 없습니다. 디버그 정보가 없는 것처럼 개체를 링크합니다.
opencv_highgui2413.lib(grfmt_exr.obj) : warning LNK4099: 'opencv_highgui2413.pdb' PDB를 'opencv_highgui2413.lib(grfmt_exr.obj)' 또는 'C:\Users\spring\Documents\SourceTree\TSpring\x64\Release\opencv_highgui2413.pdb'에서 찾을 수 없습니다. 디버그 정보가 없는 것처럼 개체를 링크합니다.
opencv_highgui2413.lib(grfmt_jpeg.obj) : warning LNK4099: 'opencv_highgui2413.pdb' PDB를 'opencv_highgui2413.lib(grfmt_jpeg.obj)' 또는 'C:\Users\spring\Documents\SourceTree\TSpring\x64\Release\opencv_highgui2413.pdb'에서 찾을 수 없습니다. 디버그 정보가 없는 것처럼 개체를 링크합니다.
opencv_highgui2413.lib(grfmt_jpeg2000.obj) : warning LNK4099: 'opencv_highgui2413.pdb' PDB를 'opencv_highgui2413.lib(grfmt_jpeg2000.obj)' 또는 'C:\Users\spring\Documents\SourceTree\TSpring\x64\Release\opencv_highgui2413.pdb'에서 찾을 수 없습니다. 디버그 정보가 없는 것처럼 개체를 링크합니다.
opencv_highgui2413.lib(grfmt_png.obj) : warning LNK4099: 'opencv_highgui2413.pdb' PDB를 'opencv_highgui2413.lib(grfmt_png.obj)' 또는 'C:\Users\spring\Documents\SourceTree\TSpring\x64\Release\opencv_highgui2413.pdb'에서 찾을 수 없습니다. 디버그 정보가 없는 것처럼 개체를 링크합니다.
opencv_highgui2413.lib(grfmt_pxm.obj) : warning LNK4099: 'opencv_highgui2413.pdb' PDB를 'opencv_highgui2413.lib(grfmt_pxm.obj)' 또는 'C:\Users\spring\Documents\SourceTree\TSpring\x64\Release\opencv_highgui2413.pdb'에서 찾을 수 없습니다. 디버그 정보가 없는 것처럼 개체를 링크합니다.
opencv_highgui2413.lib(grfmt_sunras.obj) : warning LNK4099: 'opencv_highgui2413.pdb' PDB를 'opencv_highgui2413.lib(grfmt_sunras.obj)' 또는 'C:\Users\spring\Documents\SourceTree\TSpring\x64\Release\opencv_highgui2413.pdb'에서 찾을 수 없습니다. 디버그 정보가 없는 것처럼 개체를 링크합니다.
opencv_highgui2413.lib(grfmt_tiff.obj) : warning LNK4099: 'opencv_highgui2413.pdb' PDB를 'opencv_highgui2413.lib(grfmt_tiff.obj)' 또는 'C:\Users\spring\Documents\SourceTree\TSpring\x64\Release\opencv_highgui2413.pdb'에서 찾을 수 없습니다. 디버그 정보가 없는 것처럼 개체를 링크합니다.
opencv_highgui2413.lib(bitstrm.obj) : warning LNK4099: 'opencv_highgui2413.pdb' PDB를 'opencv_highgui2413.lib(bitstrm.obj)' 또는 'C:\Users\spring\Documents\SourceTree\TSpring\x64\Release\opencv_highgui2413.pdb'에서 찾을 수 없습니다. 디버그 정보가 없는 것처럼 개체를 링크합니다.
opencv_highgui2413.lib(opencv_highgui_pch.obj) : warning LNK4099: 'opencv_highgui2413.pdb' PDB를 'opencv_highgui2413.lib(opencv_highgui_pch.obj)' 또는 'C:\Users\spring\Documents\SourceTree\TSpring\x64\Release\opencv_highgui2413.pdb'에서 찾을 수 없습니다. 디버그 정보가 없는 것처럼 개체를 링크합니다.
opencv_imgproc2413.lib(imgwarp_avx.obj) : warning LNK4099: 'opencv_imgproc2413.pdb' PDB를 'opencv_imgproc2413.lib(imgwarp_avx.obj)' 또는 'C:\Users\spring\Documents\SourceTree\TSpring\x64\Release\opencv_imgproc2413.pdb'에서 찾을 수 없습니다. 디버그 정보가 없는 것처럼 개체를 링크합니다.
opencv_imgproc2413.lib(imgwarp_avx2.obj) : warning LNK4099: 'opencv_imgproc2413.pdb' PDB를 'opencv_imgproc2413.lib(imgwarp_avx2.obj)' 또는 'C:\Users\spring\Documents\SourceTree\TSpring\x64\Release\opencv_imgproc2413.pdb'에서 찾을 수 없습니다. 디버그 정보가 없는 것처럼 개체를 링크합니다.
opencv_imgproc2413.lib(color.obj) : warning LNK4099: 'opencv_imgproc2413.pdb' PDB를 'opencv_imgproc2413.lib(color.obj)' 또는 'C:\Users\spring\Documents\SourceTree\TSpring\x64\Release\opencv_imgproc2413.pdb'에서 찾을 수 없습니다. 디버그 정보가 없는 것처럼 개체를 링크합니다.
opencv_imgproc2413.lib(filter.obj) : warning LNK4099: 'opencv_imgproc2413.pdb' PDB를 'opencv_imgproc2413.lib(filter.obj)' 또는 'C:\Users\spring\Documents\SourceTree\TSpring\x64\Release\opencv_imgproc2413.pdb'에서 찾을 수 없습니다. 디버그 정보가 없는 것처럼 개체를 링크합니다.
opencv_imgproc2413.lib(imgwarp.obj) : warning LNK4099: 'opencv_imgproc2413.pdb' PDB를 'opencv_imgproc2413.lib(imgwarp.obj)' 또는 'C:\Users\spring\Documents\SourceTree\TSpring\x64\Release\opencv_imgproc2413.pdb'에서 찾을 수 없습니다. 디버그 정보가 없는 것처럼 개체를 링크합니다.
opencv_imgproc2413.lib(sumpixels.obj) : warning LNK4099: 'opencv_imgproc2413.pdb' PDB를 'opencv_imgproc2413.lib(sumpixels.obj)' 또는 'C:\Users\spring\Documents\SourceTree\TSpring\x64\Release\opencv_imgproc2413.pdb'에서 찾을 수 없습니다. 디버그 정보가 없는 것처럼 개체를 링크합니다.
opencv_imgproc2413.lib(tables.obj) : warning LNK4099: 'opencv_imgproc2413.pdb' PDB를 'opencv_imgproc2413.lib(tables.obj)' 또는 'C:\Users\spring\Documents\SourceTree\TSpring\x64\Release\opencv_imgproc2413.pdb'에서 찾을 수 없습니다. 디버그 정보가 없는 것처럼 개체를 링크합니다.
opencv_imgproc2413.lib(templmatch.obj) : warning LNK4099: 'opencv_imgproc2413.pdb' PDB를 'opencv_imgproc2413.lib(templmatch.obj)' 또는 'C:\Users\spring\Documents\SourceTree\TSpring\x64\Release\opencv_imgproc2413.pdb'에서 찾을 수 없습니다. 디버그 정보가 없는 것처럼 개체를 링크합니다.
opencv_imgproc2413.lib(utils.obj) : warning LNK4099: 'opencv_imgproc2413.pdb' PDB를 'opencv_imgproc2413.lib(utils.obj)' 또는 'C:\Users\spring\Documents\SourceTree\TSpring\x64\Release\opencv_imgproc2413.pdb'에서 찾을 수 없습니다. 디버그 정보가 없는 것처럼 개체를 링크합니다.
opencv_imgproc2413.lib(opencv_imgproc_pch.obj) : warning LNK4099: 'opencv_imgproc2413.pdb' PDB를 'opencv_imgproc2413.lib(opencv_imgproc_pch.obj)' 또는 'C:\Users\spring\Documents\SourceTree\TSpring\x64\Release\opencv_imgproc2413.pdb'에서 찾을 수 없습니다. 디버그 정보가 없는 것처럼 개체를 링크합니다.
zlib.lib(adler32.obj) : warning LNK4099: 'zlib.pdb' PDB를 'zlib.lib(adler32.obj)' 또는 'C:\Users\spring\Documents\SourceTree\TSpring\x64\Release\zlib.pdb'에서 찾을 수 없습니다. 디버그 정보가 없는 것처럼 개체를 링크합니다.
zlib.lib(compress.obj) : warning LNK4099: 'zlib.pdb' PDB를 'zlib.lib(compress.obj)' 또는 'C:\Users\spring\Documents\SourceTree\TSpring\x64\Release\zlib.pdb'에서 찾을 수 없습니다. 디버그 정보가 없는 것처럼 개체를 링크합니다.
zlib.lib(crc32.obj) : warning LNK4099: 'zlib.pdb' PDB를 'zlib.lib(crc32.obj)' 또는 'C:\Users\spring\Documents\SourceTree\TSpring\x64\Release\zlib.pdb'에서 찾을 수 없습니다. 디버그 정보가 없는 것처럼 개체를 링크합니다.
zlib.lib(deflate.obj) : warning LNK4099: 'zlib.pdb' PDB를 'zlib.lib(deflate.obj)' 또는 'C:\Users\spring\Documents\SourceTree\TSpring\x64\Release\zlib.pdb'에서 찾을 수 없습니다. 디버그 정보가 없는 것처럼 개체를 링크합니다.
zlib.lib(gzclose.obj) : warning LNK4099: 'zlib.pdb' PDB를 'zlib.lib(gzclose.obj)' 또는 'C:\Users\spring\Documents\SourceTree\TSpring\x64\Release\zlib.pdb'에서 찾을 수 없습니다. 디버그 정보가 없는 것처럼 개체를 링크합니다.
zlib.lib(gzlib.obj) : warning LNK4099: 'zlib.pdb' PDB를 'zlib.lib(gzlib.obj)' 또는 'C:\Users\spring\Documents\SourceTree\TSpring\x64\Release\zlib.pdb'에서 찾을 수 없습니다. 디버그 정보가 없는 것처럼 개체를 링크합니다.
zlib.lib(gzread.obj) : warning LNK4099: 'zlib.pdb' PDB를 'zlib.lib(gzread.obj)' 또는 'C:\Users\spring\Documents\SourceTree\TSpring\x64\Release\zlib.pdb'에서 찾을 수 없습니다. 디버그 정보가 없는 것처럼 개체를 링크합니다.
zlib.lib(gzwrite.obj) : warning LNK4099: 'zlib.pdb' PDB를 'zlib.lib(gzwrite.obj)' 또는 'C:\Users\spring\Documents\SourceTree\TSpring\x64\Release\zlib.pdb'에서 찾을 수 없습니다. 디버그 정보가 없는 것처럼 개체를 링크합니다.
zlib.lib(inflate.obj) : warning LNK4099: 'zlib.pdb' PDB를 'zlib.lib(inflate.obj)' 또는 'C:\Users\spring\Documents\SourceTree\TSpring\x64\Release\zlib.pdb'에서 찾을 수 없습니다. 디버그 정보가 없는 것처럼 개체를 링크합니다.
zlib.lib(inftrees.obj) : warning LNK4099: 'zlib.pdb' PDB를 'zlib.lib(inftrees.obj)' 또는 'C:\Users\spring\Documents\SourceTree\TSpring\x64\Release\zlib.pdb'에서 찾을 수 없습니다. 디버그 정보가 없는 것처럼 개체를 링크합니다.
zlib.lib(inffast.obj) : warning LNK4099: 'zlib.pdb' PDB를 'zlib.lib(inffast.obj)' 또는 'C:\Users\spring\Documents\SourceTree\TSpring\x64\Release\zlib.pdb'에서 찾을 수 없습니다. 디버그 정보가 없는 것처럼 개체를 링크합니다.
zlib.lib(trees.obj) : warning LNK4099: 'zlib.pdb' PDB를 'zlib.lib(trees.obj)' 또는 'C:\Users\spring\Documents\SourceTree\TSpring\x64\Release\zlib.pdb'에서 찾을 수 없습니다. 디버그 정보가 없는 것처럼 개체를 링크합니다.
zlib.lib(uncompr.obj) : warning LNK4099: 'zlib.pdb' PDB를 'zlib.lib(uncompr.obj)' 또는 'C:\Users\spring\Documents\SourceTree\TSpring\x64\Release\zlib.pdb'에서 찾을 수 없습니다. 디버그 정보가 없는 것처럼 개체를 링크합니다.
zlib.lib(zutil.obj) : warning LNK4099: 'zlib.pdb' PDB를 'zlib.lib(zutil.obj)' 또는 'C:\Users\spring\Documents\SourceTree\TSpring\x64\Release\zlib.pdb'에서 찾을 수 없습니다. 디버그 정보가 없는 것처럼 개체를 링크합니다.
  TSpring.vcxproj -> C:\Users\spring\Documents\SourceTree\TSpring\x64\Release\TSpring.exe
  TSpring.vcxproj -> C:\Users\spring\Documents\SourceTree\TSpring\x64\Release\TSpring.pdb (Full PDB)
