c:\users\spring\documents\sourcetree\tspring\tspring\x64\release\tspring.pch
c:\users\spring\documents\sourcetree\tspring\tspring\x64\release\vc140.pdb
c:\users\spring\documents\sourcetree\tspring\tspring\x64\release\stdafx.obj
c:\users\spring\documents\sourcetree\tspring\tspring\x64\release\tspring.obj
c:\users\spring\documents\sourcetree\tspring\tspring\x64\release\tagview.obj
c:\users\spring\documents\sourcetree\tspring\tspring\x64\release\mainfrm.obj
c:\users\spring\documents\sourcetree\tspring\tspring\x64\release\listview.obj
c:\users\spring\documents\sourcetree\tspring\tspring\x64\release\exportview.obj
c:\users\spring\documents\sourcetree\tspring\x64\release\tspring.exe
c:\users\spring\documents\sourcetree\tspring\x64\release\tspring.ipdb
c:\users\spring\documents\sourcetree\tspring\x64\release\tspring.iobj
c:\users\spring\documents\sourcetree\tspring\x64\release\tspring.pdb
c:\users\spring\documents\sourcetree\tspring\tspring\x64\release\tspring.res
c:\users\spring\documents\sourcetree\tspring\tspring\x64\release\tspring.tlog\cl.command.1.tlog
c:\users\spring\documents\sourcetree\tspring\tspring\x64\release\tspring.tlog\cl.read.1.tlog
c:\users\spring\documents\sourcetree\tspring\tspring\x64\release\tspring.tlog\cl.write.1.tlog
c:\users\spring\documents\sourcetree\tspring\tspring\x64\release\tspring.tlog\link.command.1.tlog
c:\users\spring\documents\sourcetree\tspring\tspring\x64\release\tspring.tlog\link.read.1.tlog
c:\users\spring\documents\sourcetree\tspring\tspring\x64\release\tspring.tlog\link.write.1.tlog
c:\users\spring\documents\sourcetree\tspring\tspring\x64\release\tspring.tlog\rc.command.1.tlog
c:\users\spring\documents\sourcetree\tspring\tspring\x64\release\tspring.tlog\rc.read.1.tlog
c:\users\spring\documents\sourcetree\tspring\tspring\x64\release\tspring.tlog\rc.write.1.tlog
