c:\users\spring\documents\sourcetree\tspring\tspring\x64\debug\tspring.pch
c:\users\spring\documents\sourcetree\tspring\tspring\x64\debug\vc140.pdb
c:\users\spring\documents\sourcetree\tspring\tspring\x64\debug\vc140.idb
c:\users\spring\documents\sourcetree\tspring\tspring\x64\debug\stdafx.obj
c:\users\spring\documents\sourcetree\tspring\tspring\x64\debug\exportview.obj
c:\users\spring\documents\sourcetree\tspring\tspring\x64\debug\tagview.obj
c:\users\spring\documents\sourcetree\tspring\tspring\x64\debug\listview.obj
c:\users\spring\documents\sourcetree\tspring\tspring\x64\debug\mainfrm.obj
c:\users\spring\documents\sourcetree\tspring\tspring\x64\debug\tspring.obj
c:\users\spring\documents\sourcetree\tspring\x64\debug\tspring.ilk
c:\users\spring\documents\sourcetree\tspring\x64\debug\tspring.exe
c:\users\spring\documents\sourcetree\tspring\x64\debug\tspring.pdb
c:\users\spring\documents\sourcetree\tspring\tspring\x64\debug\tspring.res
c:\users\spring\documents\sourcetree\tspring\tspring\x64\debug\tspring.tlog\cl.command.1.tlog
c:\users\spring\documents\sourcetree\tspring\tspring\x64\debug\tspring.tlog\cl.read.1.tlog
c:\users\spring\documents\sourcetree\tspring\tspring\x64\debug\tspring.tlog\cl.write.1.tlog
c:\users\spring\documents\sourcetree\tspring\tspring\x64\debug\tspring.tlog\link.command.1.tlog
c:\users\spring\documents\sourcetree\tspring\tspring\x64\debug\tspring.tlog\link.read.1.tlog
c:\users\spring\documents\sourcetree\tspring\tspring\x64\debug\tspring.tlog\link.write.1.tlog
c:\users\spring\documents\sourcetree\tspring\tspring\x64\debug\tspring.tlog\rc.command.1.tlog
c:\users\spring\documents\sourcetree\tspring\tspring\x64\debug\tspring.tlog\rc.read.1.tlog
c:\users\spring\documents\sourcetree\tspring\tspring\x64\debug\tspring.tlog\rc.write.1.tlog
