  MainFrm.cpp
c:\users\spring\documents\sourcetree\tspring\tspring\tagview.h(39): warning C4244: '=': 'LONG'에서 'float'(으)로 변환하면서 데이터가 손실될 수 있습니다.
c:\users\spring\documents\sourcetree\tspring\tspring\tagview.h(40): warning C4244: '=': 'LONG'에서 'float'(으)로 변환하면서 데이터가 손실될 수 있습니다.
c:\users\spring\documents\sourcetree\tspring\tspring\tagview.h(41): warning C4244: '=': 'LONG'에서 'float'(으)로 변환하면서 데이터가 손실될 수 있습니다.
c:\users\spring\documents\sourcetree\tspring\tspring\tagview.h(42): warning C4244: '=': 'LONG'에서 'float'(으)로 변환하면서 데이터가 손실될 수 있습니다.
c:\users\spring\documents\sourcetree\tspring\tspring\tagview.h(57): warning C4244: '=': 'int'에서 'float'(으)로 변환하면서 데이터가 손실될 수 있습니다.
c:\users\spring\documents\sourcetree\tspring\tspring\tagview.h(66): warning C4244: '인수': 'float'에서 'int'(으)로 변환하면서 데이터가 손실될 수 있습니다.
c:\users\spring\documents\sourcetree\tspring\tspring\tagview.h(68): warning C4244: '=': 'float'에서 'int'(으)로 변환하면서 데이터가 손실될 수 있습니다.
c:\users\spring\documents\sourcetree\tspring\tspring\tagview.h(69): warning C4244: '=': 'float'에서 'int'(으)로 변환하면서 데이터가 손실될 수 있습니다.
c:\users\spring\documents\sourcetree\tspring\tspring\tagview.h(73): warning C4244: '=': 'int'에서 'float'(으)로 변환하면서 데이터가 손실될 수 있습니다.
c:\users\spring\documents\sourcetree\tspring\tspring\tagview.h(74): warning C4244: '=': 'int'에서 'float'(으)로 변환하면서 데이터가 손실될 수 있습니다.
  코드를 생성하고 있습니다...
  컴파일하고 있습니다...
  TagView.cpp
c:\users\spring\documents\sourcetree\tspring\tspring\tagview.h(39): warning C4244: '=': 'LONG'에서 'float'(으)로 변환하면서 데이터가 손실될 수 있습니다.
c:\users\spring\documents\sourcetree\tspring\tspring\tagview.h(40): warning C4244: '=': 'LONG'에서 'float'(으)로 변환하면서 데이터가 손실될 수 있습니다.
c:\users\spring\documents\sourcetree\tspring\tspring\tagview.h(41): warning C4244: '=': 'LONG'에서 'float'(으)로 변환하면서 데이터가 손실될 수 있습니다.
c:\users\spring\documents\sourcetree\tspring\tspring\tagview.h(42): warning C4244: '=': 'LONG'에서 'float'(으)로 변환하면서 데이터가 손실될 수 있습니다.
c:\users\spring\documents\sourcetree\tspring\tspring\tagview.h(57): warning C4244: '=': 'int'에서 'float'(으)로 변환하면서 데이터가 손실될 수 있습니다.
c:\users\spring\documents\sourcetree\tspring\tspring\tagview.h(66): warning C4244: '인수': 'float'에서 'int'(으)로 변환하면서 데이터가 손실될 수 있습니다.
c:\users\spring\documents\sourcetree\tspring\tspring\tagview.h(68): warning C4244: '=': 'float'에서 'int'(으)로 변환하면서 데이터가 손실될 수 있습니다.
c:\users\spring\documents\sourcetree\tspring\tspring\tagview.h(69): warning C4244: '=': 'float'에서 'int'(으)로 변환하면서 데이터가 손실될 수 있습니다.
c:\users\spring\documents\sourcetree\tspring\tspring\tagview.h(73): warning C4244: '=': 'int'에서 'float'(으)로 변환하면서 데이터가 손실될 수 있습니다.
c:\users\spring\documents\sourcetree\tspring\tspring\tagview.h(74): warning C4244: '=': 'int'에서 'float'(으)로 변환하면서 데이터가 손실될 수 있습니다.
c:\users\spring\documents\sourcetree\tspring\tspring\tagview.cpp(43): warning C4244: '초기화 중': 'double'에서 'int'(으)로 변환하면서 데이터가 손실될 수 있습니다.
c:\users\spring\documents\sourcetree\tspring\tspring\tagview.cpp(47): warning C4244: '=': 'double'에서 'int'(으)로 변환하면서 데이터가 손실될 수 있습니다.
c:\users\spring\documents\sourcetree\tspring\tspring\tagview.cpp(149): warning C4244: '인수': 'float'에서 'int'(으)로 변환하면서 데이터가 손실될 수 있습니다.
c:\users\spring\documents\sourcetree\tspring\tspring\tagview.cpp(151): warning C4244: '인수': 'float'에서 'int'(으)로 변환하면서 데이터가 손실될 수 있습니다.
  코드를 생성하고 있습니다...
  건너뛰고 있습니다... (관련된 변경 내용 없음)
  TSpring.cpp
  TSpring.vcxproj -> C:\Users\spring\Documents\SourceTree\TSpring\x64\Debug\TSpring.exe
  TSpring.vcxproj -> C:\Users\spring\Documents\SourceTree\TSpring\x64\Debug\TSpring.pdb (Partial PDB)
